#
# There is insufficient memory for the Java Runtime Environment to continue.
# Native memory allocation (mmap) failed to map 10485760 bytes for G1 virtual space
# Possible reasons:
#   The system is out of physical RAM or swap space
#   The process is running with CompressedOops enabled, and the Java Heap may be blocking the growth of the native heap
# Possible solutions:
#   Reduce memory load on the system
#   Increase physical memory or swap space
#   Check if swap backing store is full
#   Decrease Java heap size (-Xmx/-Xms)
#   Decrease number of Java threads
#   Decrease Java thread stack sizes (-Xss)
#   Set larger code cache with -XX:ReservedCodeCacheSize=
#   JVM is running with Unscaled Compressed Oops mode in which the Java heap is
#     placed in the first 4GB address space. The Java Heap base address is the
#     maximum limit for the native heap growth. Please use -XX:HeapBaseMinAddress
#     to set the Java Heap base and to place the Java Heap above 4GB virtual address.
# This output file may be truncated or incomplete.
#
#  Out of Memory Error (./open/src/hotspot/os/windows/os_windows.cpp:3472), pid=9012, tid=13456
#
# JRE version: OpenJDK Runtime Environment (15.0.1+9) (build 15.0.1+9-18)
# Java VM: OpenJDK 64-Bit Server VM (15.0.1+9-18, mixed mode, tiered, compressed oops, g1 gc, windows-amd64)
# No core dump will be written. Minidumps are not enabled by default on client versions of Windows
#

---------------  S U M M A R Y ------------

Command Line: -Dcom.sun.management.jmxremote -Dcom.sun.management.jmxremote.port=55793 -Dcom.sun.management.jmxremote.authenticate=false -Dcom.sun.management.jmxremote.ssl=false -Djava.rmi.server.hostname=localhost -Dspring.jmx.enabled=true -Dspring.application.admin.enabled=true -XX:TieredStopAtLevel=1 -Dspring.boot.project.name=cursomc -Dfile.encoding=UTF-8 -XX:+ShowCodeDetailsInExceptionMessages com.mariolemos.cursomc.CursomcApplication --spring.output.ansi.enabled=always

Host: Intel(R) Core(TM) i3-3217U CPU @ 1.80GHz, 4 cores, 1G,  Windows 10 , 64 bit Build 18362 (10.0.18362.86)
Time: Mon Mar 15 20:43:44 2021 Hora oficial do Brasil elapsed time: 9.698402 seconds (0d 0h 0m 9s)

---------------  T H R E A D  ---------------

Current thread (0x00000195f48fd060):  VMThread "VM Thread" [stack: 0x00000068c9400000,0x00000068c9500000] [id=13456]

Stack: [0x00000068c9400000,0x00000068c9500000]
[error occurred during error reporting (printing stack bounds), id 0xc0000005, EXCEPTION_ACCESS_VIOLATION (0xc0000005) at pc=0x00000195e13310ad]

Native frames: (J=compiled Java code, j=interpreted, Vv=VM code, C=native code)
V  [jvm.dll+0x62ae9a]
V  [jvm.dll+0x781389]
V  [jvm.dll+0x782ae3]
V  [jvm.dll+0x7830a5]
V  [jvm.dll+0x78305b]
V  [jvm.dll+0x62a2b9]
V  [jvm.dll+0x62aa88]
C  [ntdll.dll+0xa119f]
C  [ntdll.dll+0x6a229]
C  [ntdll.dll+0x9fe0e]
C  0x00000195e13310ad

VM_Operation (0x00000068ca9fcff0): G1CollectForAllocation, mode: safepoint, requested by thread 0x00000195f5663d70


---------------  P R O C E S S  ---------------

Threads class SMR info:
_java_thread_list=0x00000195f6968d50, length=19, elements={
0x00000195dc115070, 0x00000195f494f170, 0x00000195f4958bb0, 0x00000195f498df50,
0x00000195f498f820, 0x00000195f49910f0, 0x00000195f4996ec0, 0x00000195f49977c0,
0x00000195dc1cdd40, 0x00000195f4c79b90, 0x00000195f518f4b0, 0x00000195f518fd30,
0x00000195f51dc020, 0x00000195f51f91f0, 0x00000195f51fbeb0, 0x00000195f522e030,
0x00000195f52a08c0, 0x00000195f5649b40, 0x00000195f5663d70
}

Java Threads: ( => current thread )
  0x00000195dc115070 JavaThread "main" [_thread_blocked, id=7244, stack(0x00000068c8e00000,0x00000068c8f00000)]
  0x00000195f494f170 JavaThread "Reference Handler" daemon [_thread_blocked, id=11296, stack(0x00000068c9500000,0x00000068c9600000)]
  0x00000195f4958bb0 JavaThread "Finalizer" daemon [_thread_blocked, id=11788, stack(0x00000068c9600000,0x00000068c9700000)]
  0x00000195f498df50 JavaThread "Signal Dispatcher" daemon [_thread_blocked, id=3096, stack(0x00000068c9700000,0x00000068c9800000)]
  0x00000195f498f820 JavaThread "Attach Listener" daemon [_thread_blocked, id=10092, stack(0x00000068c9800000,0x00000068c9900000)]
  0x00000195f49910f0 JavaThread "Service Thread" daemon [_thread_blocked, id=8420, stack(0x00000068c9900000,0x00000068c9a00000)]
  0x00000195f4996ec0 JavaThread "C1 CompilerThread0" daemon [_thread_blocked, id=5788, stack(0x00000068c9a00000,0x00000068c9b00000)]
  0x00000195f49977c0 JavaThread "Sweeper thread" daemon [_thread_blocked, id=4360, stack(0x00000068c9b00000,0x00000068c9c00000)]
  0x00000195dc1cdd40 JavaThread "Common-Cleaner" daemon [_thread_blocked, id=1200, stack(0x00000068c9c00000,0x00000068c9d00000)]
  0x00000195f4c79b90 JavaThread "Notification Thread" daemon [_thread_blocked, id=5220, stack(0x00000068c9d00000,0x00000068c9e00000)]
  0x00000195f518f4b0 JavaThread "RMI TCP Accept-0" daemon [_thread_in_native, id=8364, stack(0x00000068c9e00000,0x00000068c9f00000)]
  0x00000195f518fd30 JavaThread "RMI TCP Accept-55793" daemon [_thread_in_native, id=8332, stack(0x00000068c9f00000,0x00000068ca000000)]
  0x00000195f51dc020 JavaThread "RMI TCP Connection(1)-127.0.0.1" daemon [_thread_in_native, id=6644, stack(0x00000068ca000000,0x00000068ca100000)]
  0x00000195f51f91f0 JavaThread "RMI TCP Accept-0" daemon [_thread_in_native, id=12456, stack(0x00000068ca100000,0x00000068ca200000)]
  0x00000195f51fbeb0 JavaThread "RMI Scheduler(0)" daemon [_thread_blocked, id=11224, stack(0x00000068ca300000,0x00000068ca400000)]
  0x00000195f522e030 JavaThread "RMI TCP Connection(2)-127.0.0.1" daemon [_thread_in_native, id=4548, stack(0x00000068ca400000,0x00000068ca500000)]
  0x00000195f52a08c0 JavaThread "JMX server connection timeout 20" daemon [_thread_blocked, id=8060, stack(0x00000068ca500000,0x00000068ca600000)]
  0x00000195f5649b40 JavaThread "Thread-0" [_thread_blocked, id=5160, stack(0x00000068ca800000,0x00000068ca900000)]
  0x00000195f5663d70 JavaThread "restartedMain" [_thread_blocked, id=6348, stack(0x00000068ca900000,0x00000068caa00000)]

Other Threads:
=>0x00000195f48fd060 VMThread "VM Thread" [stack: 0x00000068c9400000,0x00000068c9500000] [id=13456]
  0x00000195dc115e50 WatcherThread [stack: 0x00000068ca200000,0x00000068ca300000] [id=8604]
  0x00000195dc13a330 GCTaskThread "GC Thread#0" [stack: 0x00000068c8f00000,0x00000068c9000000] [id=11008]
  0x00000195f524a5a0 GCTaskThread "GC Thread#1" [stack: 0x00000068ca600000,0x00000068ca700000] [id=10636]
  0x00000195f524af30 GCTaskThread "GC Thread#2" [stack: 0x00000068caa00000,0x00000068cab00000] [id=3776]
  0x00000195f524c580 GCTaskThread "GC Thread#3" [stack: 0x00000068cab00000,0x00000068cac00000] [id=2924]
  0x00000195dc146910 ConcurrentGCThread "G1 Main Marker" [stack: 0x00000068c9000000,0x00000068c9100000] [id=11652]
  0x00000195dc147390 ConcurrentGCThread "G1 Conc#0" [stack: 0x00000068c9100000,0x00000068c9200000] [id=2844]
  0x00000195dc183090 ConcurrentGCThread "G1 Refine#0" [stack: 0x00000068c9200000,0x00000068c9300000] [id=6016]
  0x00000195f52b5e60 ConcurrentGCThread "G1 Refine#1" [stack: 0x00000068ca700000,0x00000068ca800000] [id=13300]
  0x00000195dc184870 ConcurrentGCThread "G1 Young RemSet Sampling" [stack: 0x00000068c9300000,0x00000068c9400000] [id=8736]

Threads with active compile tasks:

VM state: at safepoint (normal execution)

VM Mutex/Monitor currently owned by a thread:  ([mutex/lock_event])
[0x00000195dc111eb0] Threads_lock - owner thread: 0x00000195f48fd060
[0x00000195dc111f40] Heap_lock - owner thread: 0x00000195f5663d70

Heap address: 0x00000000e1c00000, size: 484 MB, Compressed Oops mode: 32-bit
CDS disabled.
Compressed class space mapped at: 0x0000000100000000-0x0000000140000000, size: 1073741824
Narrow klass base: 0x0000000000000000, Narrow klass shift: 3, Narrow klass range: 0x140000000

GC Precious Log:
 CPUs: 4 total, 4 available
 Memory: 1931M
 Large Page Support: Disabled
 NUMA Support: Disabled
 Compressed Oops: Enabled (32-bit)
 Heap Region Size: 1M
 Heap Min Capacity: 8M
 Heap Initial Capacity: 32M
 Heap Max Capacity: 484M
 Pre-touch: Disabled
 Parallel Workers: 4
 Concurrent Workers: 1
 Concurrent Refinement Workers: 4
 Periodic GC: Disabled

Heap:
 garbage-first heap   total 58368K, used 16454K [0x00000000e1c00000, 0x0000000100000000)
  region size 1024K, 1 young (1024K), 1 survivors (1024K)
 Metaspace       used 37806K, capacity 38344K, committed 38528K, reserved 1083392K
  class space    used 4719K, capacity 4909K, committed 4992K, reserved 1048576K

Heap Regions: E=young(eden), S=young(survivor), O=old, HS=humongous(starts), HC=humongous(continues), CS=collection set, F=free, OA=open archive, CA=closed archive, TAMS=top-at-mark-start (previous, next)
|   0|0x00000000e1c00000, 0x00000000e1d00000, 0x00000000e1d00000|100%|HS|  |TAMS 0x00000000e1d00000, 0x00000000e1c00000| Complete 
|   1|0x00000000e1d00000, 0x00000000e1e00000, 0x00000000e1e00000|100%| O|  |TAMS 0x00000000e1e00000, 0x00000000e1d00000| Untracked 
|   2|0x00000000e1e00000, 0x00000000e1f00000, 0x00000000e1f00000|100%| O|  |TAMS 0x00000000e1f00000, 0x00000000e1e00000| Untracked 
|   3|0x00000000e1f00000, 0x00000000e2000000, 0x00000000e2000000|100%| O|  |TAMS 0x00000000e2000000, 0x00000000e1f00000| Untracked 
|   4|0x00000000e2000000, 0x00000000e2100000, 0x00000000e2100000|100%| O|  |TAMS 0x00000000e2100000, 0x00000000e2000000| Untracked 
|   5|0x00000000e2100000, 0x00000000e2200000, 0x00000000e2200000|100%| O|  |TAMS 0x00000000e2200000, 0x00000000e2100000| Untracked 
|   6|0x00000000e2200000, 0x00000000e2300000, 0x00000000e2300000|100%| O|  |TAMS 0x00000000e2300000, 0x00000000e2200000| Untracked 
|   7|0x00000000e2300000, 0x00000000e2400000, 0x00000000e2400000|100%| O|  |TAMS 0x00000000e2400000, 0x00000000e2300000| Untracked 
|   8|0x00000000e2400000, 0x00000000e2500000, 0x00000000e2500000|100%| O|  |TAMS 0x00000000e24c3200, 0x00000000e2400000| Untracked 
|   9|0x00000000e2500000, 0x00000000e2600000, 0x00000000e2600000|100%| O|  |TAMS 0x00000000e2500000, 0x00000000e2500000| Untracked 
|  10|0x00000000e2600000, 0x00000000e2700000, 0x00000000e2700000|100%| O|  |TAMS 0x00000000e2600000, 0x00000000e2600000| Untracked 
|  11|0x00000000e2700000, 0x00000000e2800000, 0x00000000e2800000|100%| O|  |TAMS 0x00000000e2700000, 0x00000000e2700000| Untracked 
|  12|0x00000000e2800000, 0x00000000e2900000, 0x00000000e2900000|100%| O|  |TAMS 0x00000000e2800000, 0x00000000e2800000| Untracked 
|  13|0x00000000e2900000, 0x00000000e2a00000, 0x00000000e2a00000|100%| O|  |TAMS 0x00000000e2900000, 0x00000000e2900000| Untracked 
|  14|0x00000000e2a00000, 0x00000000e2b00000, 0x00000000e2b00000|100%| O|  |TAMS 0x00000000e2a00000, 0x00000000e2a00000| Untracked 
|  15|0x00000000e2b00000, 0x00000000e2b11a00, 0x00000000e2c00000|  6%| O|  |TAMS 0x00000000e2b00000, 0x00000000e2b00000| Untracked 
|  16|0x00000000e2c00000, 0x00000000e2c00000, 0x00000000e2d00000|  0%| F|  |TAMS 0x00000000e2c00000, 0x00000000e2c00000| Untracked 
|  17|0x00000000e2d00000, 0x00000000e2d00000, 0x00000000e2e00000|  0%| F|  |TAMS 0x00000000e2d00000, 0x00000000e2d00000| Untracked 
|  18|0x00000000e2e00000, 0x00000000e2e00000, 0x00000000e2f00000|  0%| F|  |TAMS 0x00000000e2e00000, 0x00000000e2e00000| Untracked 
|  19|0x00000000e2f00000, 0x00000000e2f00000, 0x00000000e3000000|  0%| F|  |TAMS 0x00000000e2f00000, 0x00000000e2f00000| Untracked 
|  20|0x00000000e3000000, 0x00000000e3000000, 0x00000000e3100000|  0%| F|  |TAMS 0x00000000e3000000, 0x00000000e3000000| Untracked 
|  21|0x00000000e3100000, 0x00000000e3100000, 0x00000000e3200000|  0%| F|  |TAMS 0x00000000e3100000, 0x00000000e3100000| Untracked 
|  22|0x00000000e3200000, 0x00000000e3200000, 0x00000000e3300000|  0%| F|  |TAMS 0x00000000e3200000, 0x00000000e3200000| Untracked 
|  23|0x00000000e3300000, 0x00000000e3300000, 0x00000000e3400000|  0%| F|  |TAMS 0x00000000e3300000, 0x00000000e3300000| Untracked 
|  24|0x00000000e3400000, 0x00000000e3400000, 0x00000000e3500000|  0%| F|  |TAMS 0x00000000e3400000, 0x00000000e3400000| Untracked 
|  25|0x00000000e3500000, 0x00000000e3500000, 0x00000000e3600000|  0%| F|  |TAMS 0x00000000e3500000, 0x00000000e3500000| Untracked 
|  26|0x00000000e3600000, 0x00000000e3700000, 0x00000000e3700000|100%| S|CS|TAMS 0x00000000e3600000, 0x00000000e3600000| Complete 
|  27|0x00000000e3700000, 0x00000000e3700000, 0x00000000e3800000|  0%| F|  |TAMS 0x00000000e3700000, 0x00000000e3700000| Untracked 
|  28|0x00000000e3800000, 0x00000000e3800000, 0x00000000e3900000|  0%| F|  |TAMS 0x00000000e3800000, 0x00000000e3800000| Untracked 
|  29|0x00000000e3900000, 0x00000000e3900000, 0x00000000e3a00000|  0%| F|  |TAMS 0x00000000e3900000, 0x00000000e3900000| Untracked 
|  30|0x00000000e3a00000, 0x00000000e3a00000, 0x00000000e3b00000|  0%| F|  |TAMS 0x00000000e3a00000, 0x00000000e3a00000| Untracked 
|  31|0x00000000e3b00000, 0x00000000e3b00000, 0x00000000e3c00000|  0%| F|  |TAMS 0x00000000e3b00000, 0x00000000e3b00000| Untracked 
|  32|0x00000000e3c00000, 0x00000000e3c00000, 0x00000000e3d00000|  0%| F|  |TAMS 0x00000000e3c00000, 0x00000000e3c00000| Untracked 
|  33|0x00000000e3d00000, 0x00000000e3d00000, 0x00000000e3e00000|  0%| F|  |TAMS 0x00000000e3d00000, 0x00000000e3d00000| Untracked 
|  34|0x00000000e3e00000, 0x00000000e3e00000, 0x00000000e3f00000|  0%| F|  |TAMS 0x00000000e3e00000, 0x00000000e3e00000| Untracked 
|  35|0x00000000e3f00000, 0x00000000e3f00000, 0x00000000e4000000|  0%| F|  |TAMS 0x00000000e3f00000, 0x00000000e3f00000| Untracked 
|  36|0x00000000e4000000, 0x00000000e4000000, 0x00000000e4100000|  0%| F|  |TAMS 0x00000000e4000000, 0x00000000e4000000| Untracked 
|  37|0x00000000e4100000, 0x00000000e4100000, 0x00000000e4200000|  0%| F|  |TAMS 0x00000000e4100000, 0x00000000e4100000| Untracked 
|  38|0x00000000e4200000, 0x00000000e4200000, 0x00000000e4300000|  0%| F|  |TAMS 0x00000000e4200000, 0x00000000e4200000| Untracked 
|  39|0x00000000e4300000, 0x00000000e4300000, 0x00000000e4400000|  0%| F|  |TAMS 0x00000000e4300000, 0x00000000e4300000| Untracked 
|  40|0x00000000e4400000, 0x00000000e4400000, 0x00000000e4500000|  0%| F|  |TAMS 0x00000000e4400000, 0x00000000e4400000| Untracked 
|  41|0x00000000e4500000, 0x00000000e4500000, 0x00000000e4600000|  0%| F|  |TAMS 0x00000000e4500000, 0x00000000e4500000| Untracked 
|  42|0x00000000e4600000, 0x00000000e4600000, 0x00000000e4700000|  0%| F|  |TAMS 0x00000000e4600000, 0x00000000e4600000| Untracked 
|  43|0x00000000e4700000, 0x00000000e4700000, 0x00000000e4800000|  0%| F|  |TAMS 0x00000000e4700000, 0x00000000e4700000| Untracked 
|  44|0x00000000e4800000, 0x00000000e4800000, 0x00000000e4900000|  0%| F|  |TAMS 0x00000000e4800000, 0x00000000e4800000| Untracked 
|  45|0x00000000e4900000, 0x00000000e4900000, 0x00000000e4a00000|  0%| F|  |TAMS 0x00000000e4900000, 0x00000000e4900000| Untracked 
|  46|0x00000000e4a00000, 0x00000000e4a00000, 0x00000000e4b00000|  0%| F|  |TAMS 0x00000000e4a00000, 0x00000000e4a00000| Untracked 

Card table byte_map: [0x00000195f0a50000,0x00000195f0b50000] _byte_map_base: 0x00000195f0342000

Marking Bits (Prev, Next): (CMBitMap*) 0x00000195dc13a9b0, (CMBitMap*) 0x00000195dc13a9f0
 Prev Bits: [0x00000195f0c50000, 0x00000195f13e0000)
 Next Bits: [0x00000195f13e0000, 0x00000195f1b70000)

Polling page: 0x00000195dbf00000

Metaspace:

Usage:
  Non-class:     32.65 MB capacity,    32.31 MB ( 99%) used,   291.99 KB ( <1%) free+waste,    55.50 KB ( <1%) overhead. 
      Class:      4.79 MB capacity,     4.61 MB ( 96%) used,   167.29 KB (  3%) free+waste,    22.25 KB ( <1%) overhead. 
       Both:     37.45 MB capacity,    36.92 MB ( 99%) used,   459.28 KB (  1%) free+waste,    77.75 KB ( <1%) overhead. 

Virtual space:
  Non-class space:       34.00 MB reserved,      32.75 MB ( 96%) committed 
      Class space:        1.00 GB reserved,       4.88 MB ( <1%) committed 
             Both:        1.03 GB reserved,      37.63 MB (  4%) committed 

Chunk freelists:
   Non-Class:  37.00 KB
       Class:  19.00 KB
        Both:  56.00 KB

MaxMetaspaceSize: 17179869184.00 GB
CompressedClassSpaceSize: 1.00 GB

CodeHeap 'non-profiled nmethods': size=238912Kb used=5517Kb max_used=5517Kb free=233394Kb
 bounds [0x00000195e19e0000, 0x00000195e1f50000, 0x00000195f0330000]
CodeHeap 'non-nmethods': size=6848Kb used=1203Kb max_used=1203Kb free=5644Kb
 bounds [0x00000195e1330000, 0x00000195e15a0000, 0x00000195e19e0000]
 total_blobs=4051 nmethods=3580 adapters=398
 compilation: enabled
              stopped_count=0, restarted_count=0
 full_count=0

Compilation events (20 events):
Event: 9.629 Thread 0x00000195f4996ec0 3569       1       jdk.internal.misc.Unsafe::putLong (8 bytes)
Event: 9.630 Thread 0x00000195f4996ec0 nmethod 3569 0x00000195e1f3f810 code [0x00000195e1f3f9a0, 0x00000195e1f3fa58]
Event: 9.632 Thread 0x00000195f4996ec0 3570       1       jdk.internal.loader.BuiltinClassLoader$1::hasMoreElements (5 bytes)
Event: 9.632 Thread 0x00000195f4996ec0 nmethod 3570 0x00000195e1f3fb10 code [0x00000195e1f3fca0, 0x00000195e1f3fd68]
Event: 9.639 Thread 0x00000195f4996ec0 3571       1       sun.nio.fs.WindowsPath::isAbsolute (26 bytes)
Event: 9.639 Thread 0x00000195f4996ec0 nmethod 3571 0x00000195e1f3fe10 code [0x00000195e1f3ffa0, 0x00000195e1f40098]
Event: 9.640 Thread 0x00000195f4996ec0 3572       1       jdk.internal.misc.Unsafe::checkNativeAddress (28 bytes)
Event: 9.640 Thread 0x00000195f4996ec0 nmethod 3572 0x00000195e1f40110 code [0x00000195e1f402a0, 0x00000195e1f40358]
Event: 9.640 Thread 0x00000195f4996ec0 3573       1       sun.nio.fs.WindowsFileAttributes::fileKey (2 bytes)
Event: 9.640 Thread 0x00000195f4996ec0 nmethod 3573 0x00000195e1f40410 code [0x00000195e1f405a0, 0x00000195e1f40658]
Event: 9.641 Thread 0x00000195f4996ec0 3574       1       sun.nio.fs.WindowsPath::toWindowsPath (32 bytes)
Event: 9.642 Thread 0x00000195f4996ec0 nmethod 3574 0x00000195e1f40710 code [0x00000195e1f408c0, 0x00000195e1f40ad8]
Event: 9.644 Thread 0x00000195f4996ec0 3576   !   1       sun.nio.fs.WindowsPath::getPathForWin32Calls (138 bytes)
Event: 9.646 Thread 0x00000195f4996ec0 nmethod 3576 0x00000195e1f41410 code [0x00000195e1f41640, 0x00000195e1f41c98]
Event: 9.646 Thread 0x00000195f4996ec0 3577       1       sun.nio.fs.WindowsNativeDispatcher::asNativeBuffer (103 bytes)
Event: 9.648 Thread 0x00000195f4996ec0 nmethod 3577 0x00000195e1f42010 code [0x00000195e1f42280, 0x00000195e1f42a38]
Event: 9.648 Thread 0x00000195f4996ec0 3578       1       jdk.internal.misc.Unsafe::putChar (8 bytes)
Event: 9.648 Thread 0x00000195f4996ec0 nmethod 3578 0x00000195e1f42f90 code [0x00000195e1f43120, 0x00000195e1f431d8]
Event: 9.667 Thread 0x00000195f4996ec0 3580       1       java.lang.Long::valueOf (40 bytes)
Event: 9.668 Thread 0x00000195f4996ec0 nmethod 3580 0x00000195e1f43290 code [0x00000195e1f43420, 0x00000195e1f43578]

GC Heap History (20 events):
Event: 4.223 GC heap after
{Heap after GC invocations=7 (full 0):
 garbage-first heap   total 32768K, used 8989K [0x00000000e1c00000, 0x0000000100000000)
  region size 1024K, 2 young (2048K), 2 survivors (2048K)
 Metaspace       used 19534K, capacity 19929K, committed 19968K, reserved 1067008K
  class space    used 2166K, capacity 2270K, committed 2304K, reserved 1048576K
}
Event: 4.393 GC heap before
{Heap before GC invocations=7 (full 0):
 garbage-first heap   total 32768K, used 12061K [0x00000000e1c00000, 0x0000000100000000)
  region size 1024K, 7 young (7168K), 2 survivors (2048K)
 Metaspace       used 20754K, capacity 21148K, committed 21248K, reserved 1069056K
  class space    used 2333K, capacity 2463K, committed 2560K, reserved 1048576K
}
Event: 4.402 GC heap after
{Heap after GC invocations=8 (full 0):
 garbage-first heap   total 32768K, used 9371K [0x00000000e1c00000, 0x0000000100000000)
  region size 1024K, 1 young (1024K), 1 survivors (1024K)
 Metaspace       used 20754K, capacity 21148K, committed 21248K, reserved 1069056K
  class space    used 2333K, capacity 2463K, committed 2560K, reserved 1048576K
}
Event: 4.941 GC heap before
{Heap before GC invocations=9 (full 0):
 garbage-first heap   total 32768K, used 23707K [0x00000000e1c00000, 0x0000000100000000)
  region size 1024K, 15 young (15360K), 1 survivors (1024K)
 Metaspace       used 23864K, capacity 24282K, committed 24576K, reserved 1071104K
  class space    used 2835K, capacity 2948K, committed 3072K, reserved 1048576K
}
Event: 4.951 GC heap after
{Heap after GC invocations=10 (full 0):
 garbage-first heap   total 39936K, used 10196K [0x00000000e1c00000, 0x0000000100000000)
  region size 1024K, 2 young (2048K), 2 survivors (2048K)
 Metaspace       used 23864K, capacity 24282K, committed 24576K, reserved 1071104K
  class space    used 2835K, capacity 2948K, committed 3072K, reserved 1048576K
}
Event: 5.799 GC heap before
{Heap before GC invocations=11 (full 0):
 garbage-first heap   total 39936K, used 29652K [0x00000000e1c00000, 0x0000000100000000)
  region size 1024K, 21 young (21504K), 2 survivors (2048K)
 Metaspace       used 27670K, capacity 28051K, committed 28288K, reserved 1075200K
  class space    used 3291K, capacity 3412K, committed 3456K, reserved 1048576K
}
Event: 5.808 GC heap after
{Heap after GC invocations=12 (full 0):
 garbage-first heap   total 39936K, used 11121K [0x00000000e1c00000, 0x0000000100000000)
  region size 1024K, 3 young (3072K), 3 survivors (3072K)
 Metaspace       used 27670K, capacity 28051K, committed 28288K, reserved 1075200K
  class space    used 3291K, capacity 3412K, committed 3456K, reserved 1048576K
}
Event: 5.997 GC heap before
{Heap before GC invocations=12 (full 0):
 garbage-first heap   total 39936K, used 28529K [0x00000000e1c00000, 0x0000000100000000)
  region size 1024K, 21 young (21504K), 3 survivors (3072K)
 Metaspace       used 28826K, capacity 29301K, committed 29440K, reserved 1075200K
  class space    used 3451K, capacity 3574K, committed 3584K, reserved 1048576K
}
Event: 6.009 GC heap after
{Heap after GC invocations=13 (full 0):
 garbage-first heap   total 39936K, used 11682K [0x00000000e1c00000, 0x0000000100000000)
  region size 1024K, 2 young (2048K), 2 survivors (2048K)
 Metaspace       used 28826K, capacity 29301K, committed 29440K, reserved 1075200K
  class space    used 3451K, capacity 3574K, committed 3584K, reserved 1048576K
}
Event: 6.016 GC heap before
{Heap before GC invocations=13 (full 0):
 garbage-first heap   total 39936K, used 29090K [0x00000000e1c00000, 0x0000000100000000)
  region size 1024K, 20 young (20480K), 2 survivors (2048K)
 Metaspace       used 28869K, capacity 29365K, committed 29440K, reserved 1075200K
  class space    used 3454K, capacity 3574K, committed 3584K, reserved 1048576K
}
Event: 6.023 GC heap after
{Heap after GC invocations=14 (full 0):
 garbage-first heap   total 39936K, used 11588K [0x00000000e1c00000, 0x0000000100000000)
  region size 1024K, 2 young (2048K), 2 survivors (2048K)
 Metaspace       used 28869K, capacity 29365K, committed 29440K, reserved 1075200K
  class space    used 3454K, capacity 3574K, committed 3584K, reserved 1048576K
}
Event: 6.855 GC heap before
{Heap before GC invocations=14 (full 0):
 garbage-first heap   total 39936K, used 30020K [0x00000000e1c00000, 0x0000000100000000)
  region size 1024K, 21 young (21504K), 2 survivors (2048K)
 Metaspace       used 30395K, capacity 30848K, committed 30976K, reserved 1077248K
  class space    used 3669K, capacity 3814K, committed 3840K, reserved 1048576K
}
Event: 6.864 GC heap after
{Heap after GC invocations=15 (full 0):
 garbage-first heap   total 48128K, used 12380K [0x00000000e1c00000, 0x0000000100000000)
  region size 1024K, 3 young (3072K), 3 survivors (3072K)
 Metaspace       used 30395K, capacity 30848K, committed 30976K, reserved 1077248K
  class space    used 3669K, capacity 3814K, committed 3840K, reserved 1048576K
}
Event: 8.104 GC heap before
{Heap before GC invocations=15 (full 0):
 garbage-first heap   total 48128K, used 36956K [0x00000000e1c00000, 0x0000000100000000)
  region size 1024K, 27 young (27648K), 3 survivors (3072K)
 Metaspace       used 32674K, capacity 33201K, committed 33408K, reserved 1079296K
  class space    used 3999K, capacity 4186K, committed 4224K, reserved 1048576K
}
Event: 8.117 GC heap after
{Heap after GC invocations=16 (full 0):
 garbage-first heap   total 48128K, used 13344K [0x00000000e1c00000, 0x0000000100000000)
  region size 1024K, 3 young (3072K), 3 survivors (3072K)
 Metaspace       used 32674K, capacity 33201K, committed 33408K, reserved 1079296K
  class space    used 3999K, capacity 4186K, committed 4224K, reserved 1048576K
}
Event: 9.270 GC heap before
{Heap before GC invocations=16 (full 0):
 garbage-first heap   total 48128K, used 36896K [0x00000000e1c00000, 0x0000000100000000)
  region size 1024K, 26 young (26624K), 3 survivors (3072K)
 Metaspace       used 36109K, capacity 36613K, committed 36736K, reserved 1081344K
  class space    used 4518K, capacity 4716K, committed 4736K, reserved 1048576K
}
Event: 9.284 GC heap after
{Heap after GC invocations=17 (full 0):
 garbage-first heap   total 48128K, used 15633K [0x00000000e1c00000, 0x0000000100000000)
  region size 1024K, 4 young (4096K), 4 survivors (4096K)
 Metaspace       used 36109K, capacity 36613K, committed 36736K, reserved 1081344K
  class space    used 4518K, capacity 4716K, committed 4736K, reserved 1048576K
}
Event: 9.650 GC heap before
{Heap before GC invocations=17 (full 0):
 garbage-first heap   total 48128K, used 36113K [0x00000000e1c00000, 0x0000000100000000)
  region size 1024K, 25 young (25600K), 4 survivors (4096K)
 Metaspace       used 37806K, capacity 38344K, committed 38528K, reserved 1083392K
  class space    used 4719K, capacity 4909K, committed 4992K, reserved 1048576K
}
Event: 9.666 GC heap after
{Heap after GC invocations=18 (full 0):
 garbage-first heap   total 48128K, used 16610K [0x00000000e1c00000, 0x0000000100000000)
  region size 1024K, 2 young (2048K), 2 survivors (2048K)
 Metaspace       used 37806K, capacity 38344K, committed 38528K, reserved 1083392K
  class space    used 4719K, capacity 4909K, committed 4992K, reserved 1048576K
}
Event: 9.674 GC heap before
{Heap before GC invocations=18 (full 0):
 garbage-first heap   total 48128K, used 36066K [0x00000000e1c00000, 0x0000000100000000)
  region size 1024K, 22 young (22528K), 2 survivors (2048K)
 Metaspace       used 37806K, capacity 38344K, committed 38528K, reserved 1083392K
  class space    used 4719K, capacity 4909K, committed 4992K, reserved 1048576K
}

Deoptimization events (2 events):
Event: 8.019 Thread 0x00000195f5663d70 DEOPT PACKING pc=0x00000195e1cd4e3c sp=0x00000068ca9fcad0
Event: 8.019 Thread 0x00000195f5663d70 DEOPT UNPACKING pc=0x00000195e137e23f sp=0x00000068ca9fc028 mode 0

Classes unloaded (0 events):
No events

Classes redefined (0 events):
No events

Internal exceptions (20 events):
Event: 8.839 Thread 0x00000195f5663d70 Exception <a 'java/lang/ClassNotFoundException'{0x00000000e3dcba48}: org/springframework/beans/factory/config/InstantiationAwareBeanPostProcessorCustomizer> (0x00000000e3dcba48) 
thrown [./open/src/hotspot/share/classfile/systemDictionary.cpp, line 295]
Event: 8.841 Thread 0x00000195f5663d70 Exception <a 'java/lang/ClassNotFoundException'{0x00000000e3dd4b18}: org/springframework/beans/factory/config/BeanPostProcessorCustomizer> (0x00000000e3dd4b18) 
thrown [./open/src/hotspot/share/classfile/systemDictionary.cpp, line 295]
Event: 8.842 Thread 0x00000195f5663d70 Exception <a 'java/lang/ClassNotFoundException'{0x00000000e3ddb398}: org/springframework/beans/factory/BeanFactoryAwareCustomizer> (0x00000000e3ddb398) 
thrown [./open/src/hotspot/share/classfile/systemDictionary.cpp, line 295]
Event: 8.843 Thread 0x00000195f5663d70 Exception <a 'java/lang/ClassNotFoundException'{0x00000000e3de1a10}: org/springframework/beans/factory/AwareCustomizer> (0x00000000e3de1a10) 
thrown [./open/src/hotspot/share/classfile/systemDictionary.cpp, line 295]
Event: 8.843 Thread 0x00000195f5663d70 Exception <a 'java/lang/ClassNotFoundException'{0x00000000e3de6450}: org/springframework/core/OrderedCustomizer> (0x00000000e3de6450) 
thrown [./open/src/hotspot/share/classfile/systemDictionary.cpp, line 295]
Event: 8.844 Thread 0x00000195f5663d70 Exception <a 'java/lang/ClassNotFoundException'{0x00000000e3dec000}: org/springframework/beans/factory/BeanClassLoaderAwareCustomizer> (0x00000000e3dec000) 
thrown [./open/src/hotspot/share/classfile/systemDictionary.cpp, line 295]
Event: 8.845 Thread 0x00000195f5663d70 Exception <a 'java/lang/ClassNotFoundException'{0x00000000e3df1af8}: org/springframework/beans/factory/AwareCustomizer> (0x00000000e3df1af8) 
thrown [./open/src/hotspot/share/classfile/systemDictionary.cpp, line 295]
Event: 8.846 Thread 0x00000195f5663d70 Exception <a 'java/lang/ClassNotFoundException'{0x00000000e3df6b70}: org/springframework/aop/framework/AopInfrastructureBeanCustomizer> (0x00000000e3df6b70) 
thrown [./open/src/hotspot/share/classfile/systemDictionary.cpp, line 295]
Event: 8.933 Thread 0x00000195f5663d70 Exception <a 'java/lang/ClassNotFoundException'{0x00000000e3a4c2b0}: java/lang/ObjectCustomizer> (0x00000000e3a4c2b0) 
thrown [./open/src/hotspot/share/classfile/systemDictionary.cpp, line 295]
Event: 8.934 Thread 0x00000195f5663d70 Exception <a 'java/lang/ClassNotFoundException'{0x00000000e3a55b90}: org/springframework/transaction/annotation/AbstractTransactionManagementConfigurationCustomizer> (0x00000000e3a55b90) 
thrown [./open/src/hotspot/share/classfile/systemDictionary.cpp, line 295]
Event: 8.936 Thread 0x00000195f5663d70 Exception <a 'java/lang/ClassNotFoundException'{0x00000000e3a5e420}: org/springframework/transaction/annotation/ProxyTransactionManagementConfigurationCustomizer> (0x00000000e3a5e420) 
thrown [./open/src/hotspot/share/classfile/systemDictionary.cpp, line 295]
Event: 8.937 Thread 0x00000195f5663d70 Exception <a 'java/lang/ClassNotFoundException'{0x00000000e3a67db0}: org/springframework/context/annotation/ImportAwareCustomizer> (0x00000000e3a67db0) 
thrown [./open/src/hotspot/share/classfile/systemDictionary.cpp, line 295]
Event: 8.938 Thread 0x00000195f5663d70 Exception <a 'java/lang/ClassNotFoundException'{0x00000000e3a6e4c0}: org/springframework/beans/factory/AwareCustomizer> (0x00000000e3a6e4c0) 
thrown [./open/src/hotspot/share/classfile/systemDictionary.cpp, line 295]
Event: 9.024 Thread 0x00000195f5663d70 Exception <a 'java/lang/NoSuchMethodError'{0x00000000e3823350}: 'java.lang.Object java.lang.invoke.DirectMethodHandle$Holder.invokeSpecialIFC(java.lang.Object, java.lang.Object, java.lang.Object)'> (0x00000000e3823350) 
thrown [./open/src/hotspot/share/interpreter/linkResolver.cpp, line 782]
Event: 9.105 Thread 0x00000195f522e030 Exception <a 'java/lang/reflect/InvocationTargetException'{0x00000000e37644b8}> (0x00000000e37644b8) 
thrown [./open/src/hotspot/share/runtime/reflection.cpp, line 1157]
Event: 9.257 Thread 0x00000195f5663d70 Exception <a 'java/lang/NoSuchMethodError'{0x00000000e3475f18}: 'void java.lang.invoke.DirectMethodHandle$Holder.invokeInterface(java.lang.Object, java.lang.Object, int)'> (0x00000000e3475f18) 
thrown [./open/src/hotspot/share/interpreter/linkResolver.cpp, line 782]
Event: 9.264 Thread 0x00000195f5663d70 Exception <a 'java/lang/IncompatibleClassChangeError'{0x00000000e34cbf18}: Found class java.lang.Object, but interface was expected> (0x00000000e34cbf18) 
thrown [./open/src/hotspot/share/interpreter/linkResolver.cpp, line 848]
Event: 9.265 Thread 0x00000195f5663d70 Exception <a 'java/lang/NoSuchMethodError'{0x00000000e34d1600}: 'void java.lang.invoke.DirectMethodHandle$Holder.invokeStatic(java.lang.Object, int, java.lang.Object)'> (0x00000000e34d1600) 
thrown [./open/src/hotspot/share/interpreter/linkResolver.cpp, line 782]
Event: 9.285 Thread 0x00000195f5663d70 Exception <a 'java/lang/NoSuchMethodError'{0x00000000e4a02678}: 'int java.lang.invoke.DirectMethodHandle$Holder.invokeSpecial(java.lang.Object, java.lang.Object, int)'> (0x00000000e4a02678) 
thrown [./open/src/hotspot/share/interpreter/linkResolver.cpp, line 782]
Event: 9.668 Thread 0x00000195f522e030 Exception <a 'java/lang/reflect/InvocationTargetException'{0x00000000e4a70e50}> (0x00000000e4a70e50) 
thrown [./open/src/hotspot/share/runtime/reflection.cpp, line 1157]

Events (20 events):
Event: 9.479 loading class java/beans/PropertyChangeListener
Event: 9.479 loading class java/beans/PropertyChangeListener done
Event: 9.502 loading class java/beans/PropertyChangeEvent
Event: 9.502 loading class java/beans/PropertyChangeEvent done
Event: 9.520 loading class java/nio/charset/CharacterCodingException
Event: 9.520 loading class java/nio/charset/CharacterCodingException done
Event: 9.520 loading class java/nio/BufferUnderflowException
Event: 9.520 loading class java/nio/BufferUnderflowException done
Event: 9.544 loading class java/security/NoSuchAlgorithmException
Event: 9.545 loading class java/security/NoSuchAlgorithmException done
Event: 9.601 loading class java/beans/PropertyChangeListenerProxy
Event: 9.601 loading class java/util/EventListenerProxy
Event: 9.601 loading class java/util/EventListenerProxy done
Event: 9.601 loading class java/beans/PropertyChangeListenerProxy done
Event: 9.617 loading class java/security/NoSuchProviderException
Event: 9.617 loading class java/security/NoSuchProviderException done
Event: 9.643 Loaded shared library C:\Users\lemos\AppData\Roaming\Microsoft\Windows\Network Shortcuts\sts-4.9.0.RELEASE\plugins\org.eclipse.justj.openjdk.hotspot.jre.full.win32.x86_64_15.0.1.v20201027-0507\jre\bin\zip.dll
Event: 9.650 Executing VM operation: G1CollectForAllocation
Event: 9.666 Executing VM operation: G1CollectForAllocation done
Event: 9.674 Executing VM operation: G1CollectForAllocation


Dynamic libraries:
0x00007ff6751c0000 - 0x00007ff6751cd000 	C:\Users\lemos\AppData\Roaming\Microsoft\Windows\Network Shortcuts\sts-4.9.0.RELEASE\plugins\org.eclipse.justj.openjdk.hotspot.jre.full.win32.x86_64_15.0.1.v20201027-0507\jre\bin\javaw.exe
0x00007fff14a20000 - 0x00007fff14c10000 	C:\Windows\SYSTEM32\ntdll.dll
0x00007fff13810000 - 0x00007fff138c2000 	C:\Windows\System32\KERNEL32.DLL
0x00007fff119b0000 - 0x00007fff11c53000 	C:\Windows\System32\KERNELBASE.dll
0x00007fff129d0000 - 0x00007fff12aca000 	C:\Windows\System32\ucrtbase.dll
0x00007ffef8e80000 - 0x00007ffef8e99000 	C:\Users\lemos\AppData\Roaming\Microsoft\Windows\Network Shortcuts\sts-4.9.0.RELEASE\plugins\org.eclipse.justj.openjdk.hotspot.jre.full.win32.x86_64_15.0.1.v20201027-0507\jre\bin\VCRUNTIME140.dll
0x00007fff08240000 - 0x00007fff08258000 	C:\Users\lemos\AppData\Roaming\Microsoft\Windows\Network Shortcuts\sts-4.9.0.RELEASE\plugins\org.eclipse.justj.openjdk.hotspot.jre.full.win32.x86_64_15.0.1.v20201027-0507\jre\bin\jli.dll
0x00007fff14650000 - 0x00007fff147e3000 	C:\Windows\System32\USER32.dll
0x00007fff01000000 - 0x00007fff01285000 	C:\Windows\WinSxS\amd64_microsoft.windows.common-controls_6595b64144ccf1df_6.0.18362.267_none_e6c5adbd130e444d\COMCTL32.dll
0x00007fff13980000 - 0x00007fff13a1e000 	C:\Windows\System32\msvcrt.dll
0x00007fff13e90000 - 0x00007fff141c6000 	C:\Windows\System32\combase.dll
0x00007fff11f20000 - 0x00007fff11f41000 	C:\Windows\System32\win32u.dll
0x00007fff14530000 - 0x00007fff14650000 	C:\Windows\System32\RPCRT4.dll
0x00007fff136b0000 - 0x00007fff136d6000 	C:\Windows\System32\GDI32.dll
0x00007fff11c60000 - 0x00007fff11df4000 	C:\Windows\System32\gdi32full.dll
0x00007fff11e80000 - 0x00007fff11f1e000 	C:\Windows\System32\msvcp_win.dll
0x00007fff11e00000 - 0x00007fff11e80000 	C:\Windows\System32\bcryptPrimitives.dll
0x00007fff132a0000 - 0x00007fff132ce000 	C:\Windows\System32\IMM32.DLL
0x00007fff059c0000 - 0x00007fff059cc000 	C:\Users\lemos\AppData\Roaming\Microsoft\Windows\Network Shortcuts\sts-4.9.0.RELEASE\plugins\org.eclipse.justj.openjdk.hotspot.jre.full.win32.x86_64_15.0.1.v20201027-0507\jre\bin\vcruntime140_1.dll
0x00007ffee71a0000 - 0x00007ffee7231000 	C:\Users\lemos\AppData\Roaming\Microsoft\Windows\Network Shortcuts\sts-4.9.0.RELEASE\plugins\org.eclipse.justj.openjdk.hotspot.jre.full.win32.x86_64_15.0.1.v20201027-0507\jre\bin\msvcp140.dll
0x00007ffee7240000 - 0x00007ffee7d9e000 	C:\Users\lemos\AppData\Roaming\Microsoft\Windows\Network Shortcuts\sts-4.9.0.RELEASE\plugins\org.eclipse.justj.openjdk.hotspot.jre.full.win32.x86_64_15.0.1.v20201027-0507\jre\bin\server\jvm.dll
0x00007fff14930000 - 0x00007fff149d3000 	C:\Windows\System32\ADVAPI32.dll
0x00007fff13770000 - 0x00007fff13807000 	C:\Windows\System32\sechost.dll
0x00007fff13760000 - 0x00007fff13768000 	C:\Windows\System32\PSAPI.DLL
0x00007fff0cb20000 - 0x00007fff0cb29000 	C:\Windows\SYSTEM32\WSOCK32.dll
0x00007fff0fae0000 - 0x00007fff0fb04000 	C:\Windows\SYSTEM32\WINMM.dll
0x00007fff043d0000 - 0x00007fff043da000 	C:\Windows\SYSTEM32\VERSION.dll
0x00007fff0f940000 - 0x00007fff0f96d000 	C:\Windows\SYSTEM32\WINMMBASE.dll
0x00007fff13470000 - 0x00007fff134df000 	C:\Windows\System32\WS2_32.dll
0x00007fff11f50000 - 0x00007fff11f9a000 	C:\Windows\System32\cfgmgr32.dll
0x00007fff11970000 - 0x00007fff11981000 	C:\Windows\System32\kernel.appcore.dll
0x00007fff09170000 - 0x00007fff0917a000 	C:\Users\lemos\AppData\Roaming\Microsoft\Windows\Network Shortcuts\sts-4.9.0.RELEASE\plugins\org.eclipse.justj.openjdk.hotspot.jre.full.win32.x86_64_15.0.1.v20201027-0507\jre\bin\jimage.dll
0x00007fff02790000 - 0x00007fff02984000 	C:\Windows\SYSTEM32\DBGHELP.DLL
0x00007fff02460000 - 0x00007fff0248a000 	C:\Windows\SYSTEM32\dbgcore.DLL
0x00007ffef6e10000 - 0x00007ffef6e35000 	C:\Users\lemos\AppData\Roaming\Microsoft\Windows\Network Shortcuts\sts-4.9.0.RELEASE\plugins\org.eclipse.justj.openjdk.hotspot.jre.full.win32.x86_64_15.0.1.v20201027-0507\jre\bin\java.dll
0x00007ffefe890000 - 0x00007ffefe8a8000 	C:\Users\lemos\AppData\Roaming\Microsoft\Windows\Network Shortcuts\sts-4.9.0.RELEASE\plugins\org.eclipse.justj.openjdk.hotspot.jre.full.win32.x86_64_15.0.1.v20201027-0507\jre\bin\zip.dll
0x00007fff12ae0000 - 0x00007fff131c2000 	C:\Windows\System32\SHELL32.dll
0x00007fff141d0000 - 0x00007fff14279000 	C:\Windows\System32\shcore.dll
0x00007fff12050000 - 0x00007fff127cc000 	C:\Windows\System32\windows.storage.dll
0x00007fff11900000 - 0x00007fff1191f000 	C:\Windows\System32\profapi.dll
0x00007fff11920000 - 0x00007fff1196a000 	C:\Windows\System32\powrprof.dll
0x00007fff118f0000 - 0x00007fff11900000 	C:\Windows\System32\UMPDC.dll
0x00007fff132d0000 - 0x00007fff13322000 	C:\Windows\System32\shlwapi.dll
0x00007fff12000000 - 0x00007fff12017000 	C:\Windows\System32\cryptsp.dll
0x00007ffefb210000 - 0x00007ffefb229000 	C:\Users\lemos\AppData\Roaming\Microsoft\Windows\Network Shortcuts\sts-4.9.0.RELEASE\plugins\org.eclipse.justj.openjdk.hotspot.jre.full.win32.x86_64_15.0.1.v20201027-0507\jre\bin\net.dll
0x00007fff0bf50000 - 0x00007fff0c040000 	C:\Windows\SYSTEM32\WINHTTP.dll
0x00007fff11100000 - 0x00007fff11167000 	C:\Windows\system32\mswsock.dll
0x00007ffef70d0000 - 0x00007ffef70e2000 	C:\Users\lemos\AppData\Roaming\Microsoft\Windows\Network Shortcuts\sts-4.9.0.RELEASE\plugins\org.eclipse.justj.openjdk.hotspot.jre.full.win32.x86_64_15.0.1.v20201027-0507\jre\bin\nio.dll
0x00007fff0e2a0000 - 0x00007fff0e2a9000 	C:\Users\lemos\AppData\Roaming\Microsoft\Windows\Network Shortcuts\sts-4.9.0.RELEASE\plugins\org.eclipse.justj.openjdk.hotspot.jre.full.win32.x86_64_15.0.1.v20201027-0507\jre\bin\management.dll
0x00007fff0e290000 - 0x00007fff0e29b000 	C:\Users\lemos\AppData\Roaming\Microsoft\Windows\Network Shortcuts\sts-4.9.0.RELEASE\plugins\org.eclipse.justj.openjdk.hotspot.jre.full.win32.x86_64_15.0.1.v20201027-0507\jre\bin\management_ext.dll
0x00007fff09860000 - 0x00007fff09876000 	C:\Windows\system32\napinsp.dll
0x00007fff06ae0000 - 0x00007fff06afa000 	C:\Windows\system32\pnrpnsp.dll
0x00007fff10e50000 - 0x00007fff10f1a000 	C:\Windows\SYSTEM32\DNSAPI.dll
0x00007fff12ad0000 - 0x00007fff12ad8000 	C:\Windows\System32\NSI.dll
0x00007fff10e10000 - 0x00007fff10e4a000 	C:\Windows\SYSTEM32\IPHLPAPI.DLL
0x00007fff0a930000 - 0x00007fff0a93e000 	C:\Windows\System32\winrnr.dll
0x00007fff0e130000 - 0x00007fff0e14c000 	C:\Windows\system32\NLAapi.dll
0x00007fff0caf0000 - 0x00007fff0cb05000 	C:\Windows\system32\wshbth.dll
0x00007fff06ab0000 - 0x00007fff06aba000 	C:\Windows\System32\rasadhlp.dll
0x00007fff09880000 - 0x00007fff098f7000 	C:\Windows\System32\fwpuclnt.dll
0x00007fff12020000 - 0x00007fff12046000 	C:\Windows\System32\bcrypt.dll
0x00007fff10c70000 - 0x00007fff10ca3000 	C:\Windows\system32\rsaenh.dll
0x00007fff11810000 - 0x00007fff11835000 	C:\Windows\SYSTEM32\USERENV.dll
0x00007fff112d0000 - 0x00007fff112dc000 	C:\Windows\SYSTEM32\CRYPTBASE.dll
0x00007fff0a5b0000 - 0x00007fff0a5c6000 	C:\Windows\SYSTEM32\dhcpcsvc6.DLL
0x00007fff0b000000 - 0x00007fff0b01c000 	C:\Windows\SYSTEM32\dhcpcsvc.DLL
0x00007fff06b00000 - 0x00007fff06b10000 	C:\Users\lemos\AppData\Roaming\Microsoft\Windows\Network Shortcuts\sts-4.9.0.RELEASE\plugins\org.eclipse.justj.openjdk.hotspot.jre.full.win32.x86_64_15.0.1.v20201027-0507\jre\bin\verify.dll

dbghelp: loaded successfully - version: 4.0.5 - missing functions: none
symbol engine: initialized successfully - sym options: 0x614 - pdb path: .;C:\Users\lemos\AppData\Roaming\Microsoft\Windows\Network Shortcuts\sts-4.9.0.RELEASE\plugins\org.eclipse.justj.openjdk.hotspot.jre.full.win32.x86_64_15.0.1.v20201027-0507\jre\bin;C:\Windows\SYSTEM32;C:\Windows\WinSxS\amd64_microsoft.windows.common-controls_6595b64144ccf1df_6.0.18362.267_none_e6c5adbd130e444d;C:\Users\lemos\AppData\Roaming\Microsoft\Windows\Network Shortcuts\sts-4.9.0.RELEASE\plugins\org.eclipse.justj.openjdk.hotspot.jre.full.win32.x86_64_15.0.1.v20201027-0507\jre\bin\server

VM Arguments:
jvm_args: -Dcom.sun.management.jmxremote -Dcom.sun.management.jmxremote.port=55793 -Dcom.sun.management.jmxremote.authenticate=false -Dcom.sun.management.jmxremote.ssl=false -Djava.rmi.server.hostname=localhost -Dspring.jmx.enabled=true -Dspring.application.admin.enabled=true -XX:TieredStopAtLevel=1 -Dspring.boot.project.name=cursomc -Dfile.encoding=UTF-8 -XX:+ShowCodeDetailsInExceptionMessages 
java_command: com.mariolemos.cursomc.CursomcApplication --spring.output.ansi.enabled=always
java_class_path (initial): C:\Users\lemos\OneDrive\Cursos\Curso Spring Boot\cursomc\target\classes;C:\Users\lemos\.m2\repository\org\springframework\boot\spring-boot-starter-web\2.4.3\spring-boot-starter-web-2.4.3.jar;C:\Users\lemos\.m2\repository\org\springframework\boot\spring-boot-starter\2.4.3\spring-boot-starter-2.4.3.jar;C:\Users\lemos\.m2\repository\org\springframework\boot\spring-boot-starter-logging\2.4.3\spring-boot-starter-logging-2.4.3.jar;C:\Users\lemos\.m2\repository\ch\qos\logback\logback-classic\1.2.3\logback-classic-1.2.3.jar;C:\Users\lemos\.m2\repository\ch\qos\logback\logback-core\1.2.3\logback-core-1.2.3.jar;C:\Users\lemos\.m2\repository\org\apache\logging\log4j\log4j-to-slf4j\2.13.3\log4j-to-slf4j-2.13.3.jar;C:\Users\lemos\.m2\repository\org\apache\logging\log4j\log4j-api\2.13.3\log4j-api-2.13.3.jar;C:\Users\lemos\.m2\repository\org\slf4j\jul-to-slf4j\1.7.30\jul-to-slf4j-1.7.30.jar;C:\Users\lemos\.m2\repository\jakarta\annotation\jakarta.annotation-api\1.3.5\jakarta.annotation-api-1.3.5.jar;C:\Users\lemos\.m2\repository\org\yaml\snakeyaml\1.27\snakeyaml-1.27.jar;C:\Users\lemos\.m2\repository\org\springframework\boot\spring-boot-starter-json\2.4.3\spring-boot-starter-json-2.4.3.jar;C:\Users\lemos\.m2\repository\com\fasterxml\jackson\core\jackson-databind\2.11.4\jackson-databind-2.11.4.jar;C:\Users\lemos\.m2\repository\com\fasterxml\jackson\core\jackson-annotations\2.11.4\jackson-annotations-2.11.4.jar;C:\Users\lemos\.m2\repository\com\fasterxml\jackson\core\jackson-core\2.11.4\jackson-core-2.11.4.jar;C:\Users\lemos\.m2\repository\com\fasterxml\jackson\datatype\jackson-datatype-jdk8\2.11.4\jackson-datatype-jdk8-2.11.4.jar;C:\Users\lemos\.m2\repository\com\fasterxml\jackson\datatype\jackson-datatype-jsr310\2.11.4\jackson-datatype-jsr310-2.11.4.jar;C:\Users\lemos\.m2\repository\com\fasterxml\jackson\module\jackson-module-parameter-names\2.11.4\jackson-module-parameter-names-2.11.4.jar;C:\Users\lemos\.m2\repository\org\springframework\boot\spring-b
Launcher Type: SUN_STANDARD

[Global flags]
     intx CICompilerCount                          = 3                                         {product} {ergonomic}
     uint ConcGCThreads                            = 1                                         {product} {ergonomic}
     uint G1ConcRefinementThreads                  = 4                                         {product} {ergonomic}
   size_t G1HeapRegionSize                         = 1048576                                   {product} {ergonomic}
    uintx GCDrainStackTargetSize                   = 64                                        {product} {ergonomic}
   size_t InitialHeapSize                          = 33554432                                  {product} {ergonomic}
     bool ManagementServer                         = true                                      {product} {command line}
   size_t MarkStackSize                            = 4194304                                   {product} {ergonomic}
   size_t MaxHeapSize                              = 507510784                                 {product} {ergonomic}
   size_t MaxNewSize                               = 304087040                                 {product} {ergonomic}
   size_t MinHeapDeltaBytes                        = 1048576                                   {product} {ergonomic}
   size_t MinHeapSize                              = 8388608                                   {product} {ergonomic}
    uintx NonNMethodCodeHeapSize                   = 6973028                                {pd product} {ergonomic}
    uintx NonProfiledCodeHeapSize                  = 244685212                              {pd product} {ergonomic}
    uintx ProfiledCodeHeapSize                     = 0                                      {pd product} {ergonomic}
    uintx ReservedCodeCacheSize                    = 251658240                              {pd product} {ergonomic}
     bool SegmentedCodeCache                       = true                                      {product} {ergonomic}
     bool ShowCodeDetailsInExceptionMessages       = true                                   {manageable} {command line}
   size_t SoftMaxHeapSize                          = 507510784                              {manageable} {ergonomic}
     intx TieredStopAtLevel                        = 1                                         {product} {command line}
     bool UseCompressedClassPointers               = true                                 {lp64_product} {ergonomic}
     bool UseCompressedOops                        = true                                 {lp64_product} {ergonomic}
     bool UseG1GC                                  = true                                      {product} {ergonomic}
     bool UseLargePagesIndividualAllocation        = false                                  {pd product} {ergonomic}

Logging:
Log output configuration:
 #0: stdout all=warning uptime,level,tags
 #1: stderr all=off uptime,level,tags

Environment Variables:
JAVA_HOME=C:\Program Files\Java\jdk-11.0.10
PATH=C:/Users/lemos/AppData/Roaming/Microsoft/Windows/Network Shortcuts/sts-4.9.0.RELEASE//plugins/org.eclipse.justj.openjdk.hotspot.jre.full.win32.x86_64_15.0.1.v20201027-0507/jre/bin/server;C:/Users/lemos/AppData/Roaming/Microsoft/Windows/Network Shortcuts/sts-4.9.0.RELEASE//plugins/org.eclipse.justj.openjdk.hotspot.jre.full.win32.x86_64_15.0.1.v20201027-0507/jre/bin;C:\Program Files\Common Files\Oracle\Java\javapath;C:\Windows\system32;C:\Windows;C:\Windows\System32\Wbem;C:\Windows\System32\WindowsPowerShell\v1.0\;C:\Windows\System32\OpenSSH\;C:\Program Files\Git\cmd;C:\xampp\mysql\bin;C:\Users\lemos\AppData\Local\Microsoft\WindowsApps;C:\Users\lemos\AppData\Local\Programs\Microsoft VS Code\bin;C:\Program Files\Java\jdk-11.0.10\bin;;C:\Users\lemos\AppData\Roaming\Microsoft\Windows\Network Shortcuts\sts-4.9.0.RELEASE;
USERNAME=lemos
OS=Windows_NT
PROCESSOR_IDENTIFIER=Intel64 Family 6 Model 58 Stepping 9, GenuineIntel



---------------  S Y S T E M  ---------------

OS:
 Windows 10 , 64 bit Build 18362 (10.0.18362.86)
OS uptime: 2 days 5:41 hours

CPU: total 4 (initial active 4) (2 cores per cpu, 2 threads per core) family 6 model 58 stepping 9 microcode 0x20, cmov, cx8, fxsr, mmx, sse, sse2, sse3, ssse3, sse4.1, sse4.2, popcnt, vzeroupper, avx, clmul, erms, ht, tsc, tscinvbit, tscinv, clflush

Memory: 4k page, system-wide physical 1931M (339M free)
TotalPageFile size 7819M (AvailPageFile size 0M)
current process WorkingSet (physical memory assigned to process): 139M, peak: 139M
current process commit charge ("private bytes"): 167M, peak: 177M

vm_info: OpenJDK 64-Bit Server VM (15.0.1+9-18) for windows-amd64 JRE (15.0.1+9-18), built on Sep 15 2020 14:39:31 by "mach5one" with unknown MS VC++:1925

END.
