#
# There is insufficient memory for the Java Runtime Environment to continue.
# Native memory allocation (mmap) failed to map 6291456 bytes for G1 virtual space
# Possible reasons:
#   The system is out of physical RAM or swap space
#   The process is running with CompressedOops enabled, and the Java Heap may be blocking the growth of the native heap
# Possible solutions:
#   Reduce memory load on the system
#   Increase physical memory or swap space
#   Check if swap backing store is full
#   Decrease Java heap size (-Xmx/-Xms)
#   Decrease number of Java threads
#   Decrease Java thread stack sizes (-Xss)
#   Set larger code cache with -XX:ReservedCodeCacheSize=
#   JVM is running with Unscaled Compressed Oops mode in which the Java heap is
#     placed in the first 4GB address space. The Java Heap base address is the
#     maximum limit for the native heap growth. Please use -XX:HeapBaseMinAddress
#     to set the Java Heap base and to place the Java Heap above 4GB virtual address.
# This output file may be truncated or incomplete.
#
#  Out of Memory Error (./open/src/hotspot/os/windows/os_windows.cpp:3472), pid=4656, tid=9436
#
# JRE version: OpenJDK Runtime Environment (15.0.1+9) (build 15.0.1+9-18)
# Java VM: OpenJDK 64-Bit Server VM (15.0.1+9-18, mixed mode, tiered, compressed oops, g1 gc, windows-amd64)
# No core dump will be written. Minidumps are not enabled by default on client versions of Windows
#

---------------  S U M M A R Y ------------

Command Line: -Dcom.sun.management.jmxremote -Dcom.sun.management.jmxremote.port=55803 -Dcom.sun.management.jmxremote.authenticate=false -Dcom.sun.management.jmxremote.ssl=false -Djava.rmi.server.hostname=localhost -Dspring.jmx.enabled=true -Dspring.application.admin.enabled=true -XX:TieredStopAtLevel=1 -Dspring.boot.project.name=cursomc -Dfile.encoding=UTF-8 -XX:+ShowCodeDetailsInExceptionMessages com.mariolemos.cursomc.CursomcApplication --spring.output.ansi.enabled=always

Host: Intel(R) Core(TM) i3-3217U CPU @ 1.80GHz, 4 cores, 1G,  Windows 10 , 64 bit Build 18362 (10.0.18362.86)
Time: Mon Mar 15 20:45:21 2021 Hora oficial do Brasil elapsed time: 5.101709 seconds (0d 0h 0m 5s)

---------------  T H R E A D  ---------------

Current thread (0x00000249487ae0e0):  VMThread "VM Thread" [stack: 0x0000009d46a00000,0x0000009d46b00000] [id=9436]

Stack: [0x0000009d46a00000,0x0000009d46b00000]
[error occurred during error reporting (printing stack bounds), id 0xc0000005, EXCEPTION_ACCESS_VIOLATION (0xc0000005) at pc=0x00000249351b10ad]

Native frames: (J=compiled Java code, j=interpreted, Vv=VM code, C=native code)
V  [jvm.dll+0x62ae9a]
V  [jvm.dll+0x781389]
V  [jvm.dll+0x782ae3]
V  [jvm.dll+0x7830a5]
V  [jvm.dll+0x78305b]
V  [jvm.dll+0x62a2b9]
V  [jvm.dll+0x62aa88]
C  [ntdll.dll+0xa119f]
C  [ntdll.dll+0x6a229]
C  [ntdll.dll+0x9fe0e]
C  0x00000249351b10ad

VM_Operation (0x0000009d482fb010): G1CollectForAllocation, mode: safepoint, requested by thread 0x00000249494bc0e0


---------------  P R O C E S S  ---------------

Threads class SMR info:
_java_thread_list=0x000002494a7b1f00, length=21, elements={
0x000002492ff83450, 0x00000249487c5bd0, 0x00000249487c76c0, 0x0000024948805c00,
0x00000249488094e0, 0x000002494880adb0, 0x0000024948818020, 0x0000024948818530,
0x000002494874ccd0, 0x0000024948ad6b70, 0x0000024948ff77d0, 0x0000024948fe47d0,
0x0000024949047fa0, 0x00000249493b4d80, 0x00000249493d2ad0, 0x00000249493f3910,
0x000002494941ef60, 0x00000249494bbc10, 0x00000249494bc0e0, 0x000002494a381200,
0x000002494a37f520
}

Java Threads: ( => current thread )
  0x000002492ff83450 JavaThread "main" [_thread_blocked, id=14020, stack(0x0000009d46400000,0x0000009d46500000)]
  0x00000249487c5bd0 JavaThread "Reference Handler" daemon [_thread_blocked, id=4792, stack(0x0000009d46b00000,0x0000009d46c00000)]
  0x00000249487c76c0 JavaThread "Finalizer" daemon [_thread_blocked, id=14148, stack(0x0000009d46c00000,0x0000009d46d00000)]
  0x0000024948805c00 JavaThread "Signal Dispatcher" daemon [_thread_blocked, id=13952, stack(0x0000009d46d00000,0x0000009d46e00000)]
  0x00000249488094e0 JavaThread "Attach Listener" daemon [_thread_blocked, id=6296, stack(0x0000009d46e00000,0x0000009d46f00000)]
  0x000002494880adb0 JavaThread "Service Thread" daemon [_thread_blocked, id=5400, stack(0x0000009d46f00000,0x0000009d47000000)]
  0x0000024948818020 JavaThread "C1 CompilerThread0" daemon [_thread_blocked, id=3836, stack(0x0000009d47000000,0x0000009d47100000)]
  0x0000024948818530 JavaThread "Sweeper thread" daemon [_thread_blocked, id=5140, stack(0x0000009d47100000,0x0000009d47200000)]
  0x000002494874ccd0 JavaThread "Common-Cleaner" daemon [_thread_blocked, id=4016, stack(0x0000009d47200000,0x0000009d47300000)]
  0x0000024948ad6b70 JavaThread "Notification Thread" daemon [_thread_blocked, id=12772, stack(0x0000009d47300000,0x0000009d47400000)]
  0x0000024948ff77d0 JavaThread "RMI TCP Accept-0" daemon [_thread_in_native, id=10036, stack(0x0000009d47400000,0x0000009d47500000)]
  0x0000024948fe47d0 JavaThread "RMI TCP Accept-55803" daemon [_thread_in_native, id=11468, stack(0x0000009d47500000,0x0000009d47600000)]
  0x0000024949047fa0 JavaThread "RMI TCP Accept-0" daemon [_thread_in_native, id=2516, stack(0x0000009d47600000,0x0000009d47700000)]
  0x00000249493b4d80 JavaThread "RMI TCP Connection(1)-127.0.0.1" daemon [_thread_in_native, id=13660, stack(0x0000009d47b00000,0x0000009d47c00000)]
  0x00000249493d2ad0 JavaThread "RMI Scheduler(0)" daemon [_thread_blocked, id=11748, stack(0x0000009d47c00000,0x0000009d47d00000)]
  0x00000249493f3910 JavaThread "RMI TCP Connection(2)-127.0.0.1" daemon [_thread_in_native, id=12956, stack(0x0000009d47d00000,0x0000009d47e00000)]
  0x000002494941ef60 JavaThread "JMX server connection timeout 20" daemon [_thread_blocked, id=3104, stack(0x0000009d47e00000,0x0000009d47f00000)]
  0x00000249494bbc10 JavaThread "Thread-0" [_thread_blocked, id=3356, stack(0x0000009d47f00000,0x0000009d48000000)]
  0x00000249494bc0e0 JavaThread "restartedMain" [_thread_blocked, id=3572, stack(0x0000009d48200000,0x0000009d48300000)]
  0x000002494a381200 JavaThread "background-preinit" [_thread_blocked, id=5508, stack(0x0000009d48300000,0x0000009d48400000)]
  0x000002494a37f520 JavaThread "Thread-3" [_thread_blocked, id=4972, stack(0x0000009d48400000,0x0000009d48500000)]

Other Threads:
=>0x00000249487ae0e0 VMThread "VM Thread" [stack: 0x0000009d46a00000,0x0000009d46b00000] [id=9436]
  0x0000024948fdd660 WatcherThread [stack: 0x0000009d47700000,0x0000009d47800000] [id=12876]
  0x000002492ffa7ae0 GCTaskThread "GC Thread#0" [stack: 0x0000009d46500000,0x0000009d46600000] [id=5028]
  0x000002494908f060 GCTaskThread "GC Thread#1" [stack: 0x0000009d47800000,0x0000009d47900000] [id=6460]
  0x000002494908c6f0 GCTaskThread "GC Thread#2" [stack: 0x0000009d48000000,0x0000009d48100000] [id=12852]
  0x000002494908c3c0 GCTaskThread "GC Thread#3" [stack: 0x0000009d48100000,0x0000009d48200000] [id=9692]
  0x000002492ffaec80 ConcurrentGCThread "G1 Main Marker" [stack: 0x0000009d46600000,0x0000009d46700000] [id=5528]
  0x000002492ffaf780 ConcurrentGCThread "G1 Conc#0" [stack: 0x0000009d46700000,0x0000009d46800000] [id=6220]
  0x000002492ffec110 ConcurrentGCThread "G1 Refine#0" [stack: 0x0000009d46800000,0x0000009d46900000] [id=2820]
  0x0000024949284c30 ConcurrentGCThread "G1 Refine#1" [stack: 0x0000009d47900000,0x0000009d47a00000] [id=10300]
  0x00000249490e9bd0 ConcurrentGCThread "G1 Refine#2" [stack: 0x0000009d47a00000,0x0000009d47b00000] [id=3936]
  0x000002492ffee980 ConcurrentGCThread "G1 Young RemSet Sampling" [stack: 0x0000009d46900000,0x0000009d46a00000] [id=4908]

Threads with active compile tasks:

VM state: at safepoint (normal execution)

VM Mutex/Monitor currently owned by a thread:  ([mutex/lock_event])
[0x000002492ff7df60] Threads_lock - owner thread: 0x00000249487ae0e0
[0x000002492ff7ece0] Heap_lock - owner thread: 0x00000249494bc0e0

Heap address: 0x00000000e1c00000, size: 484 MB, Compressed Oops mode: 32-bit
CDS disabled.
Compressed class space mapped at: 0x0000000100000000-0x0000000140000000, size: 1073741824
Narrow klass base: 0x0000000000000000, Narrow klass shift: 3, Narrow klass range: 0x140000000

GC Precious Log:
 CPUs: 4 total, 4 available
 Memory: 1931M
 Large Page Support: Disabled
 NUMA Support: Disabled
 Compressed Oops: Enabled (32-bit)
 Heap Region Size: 1M
 Heap Min Capacity: 8M
 Heap Initial Capacity: 32M
 Heap Max Capacity: 484M
 Pre-touch: Disabled
 Parallel Workers: 4
 Concurrent Workers: 1
 Concurrent Refinement Workers: 4
 Periodic GC: Disabled

Heap:
 garbage-first heap   total 46080K, used 11511K [0x00000000e1c00000, 0x0000000100000000)
  region size 1024K, 1 young (1024K), 1 survivors (1024K)
 Metaspace       used 28074K, capacity 28565K, committed 28796K, reserved 1075200K
  class space    used 3343K, capacity 3478K, committed 3532K, reserved 1048576K

Heap Regions: E=young(eden), S=young(survivor), O=old, HS=humongous(starts), HC=humongous(continues), CS=collection set, F=free, OA=open archive, CA=closed archive, TAMS=top-at-mark-start (previous, next)
|   0|0x00000000e1c00000, 0x00000000e1d00000, 0x00000000e1d00000|100%|HS|  |TAMS 0x00000000e1d00000, 0x00000000e1c00000| Complete 
|   1|0x00000000e1d00000, 0x00000000e1e00000, 0x00000000e1e00000|100%| O|  |TAMS 0x00000000e1e00000, 0x00000000e1d00000| Untracked 
|   2|0x00000000e1e00000, 0x00000000e1f00000, 0x00000000e1f00000|100%| O|  |TAMS 0x00000000e1f00000, 0x00000000e1e00000| Untracked 
|   3|0x00000000e1f00000, 0x00000000e2000000, 0x00000000e2000000|100%| O|  |TAMS 0x00000000e2000000, 0x00000000e1f00000| Untracked 
|   4|0x00000000e2000000, 0x00000000e2100000, 0x00000000e2100000|100%| O|  |TAMS 0x00000000e2100000, 0x00000000e2000000| Untracked 
|   5|0x00000000e2100000, 0x00000000e2200000, 0x00000000e2200000|100%| O|  |TAMS 0x00000000e2200000, 0x00000000e2100000| Untracked 
|   6|0x00000000e2200000, 0x00000000e2300000, 0x00000000e2300000|100%| O|  |TAMS 0x00000000e2300000, 0x00000000e2200000| Untracked 
|   7|0x00000000e2300000, 0x00000000e2400000, 0x00000000e2400000|100%| O|  |TAMS 0x00000000e236e400, 0x00000000e2300000| Untracked 
|   8|0x00000000e2400000, 0x00000000e24bc600, 0x00000000e2500000| 73%| O|  |TAMS 0x00000000e2400000, 0x00000000e2400000| Untracked 
|   9|0x00000000e2500000, 0x00000000e2600000, 0x00000000e2600000|100%| O|  |TAMS 0x00000000e2500000, 0x00000000e2500000| Untracked 
|  10|0x00000000e2600000, 0x00000000e2683c00, 0x00000000e2700000| 51%| O|  |TAMS 0x00000000e2600000, 0x00000000e2600000| Untracked 
|  11|0x00000000e2700000, 0x00000000e2700000, 0x00000000e2800000|  0%| F|  |TAMS 0x00000000e2700000, 0x00000000e2700000| Untracked 
|  12|0x00000000e2800000, 0x00000000e2800000, 0x00000000e2900000|  0%| F|  |TAMS 0x00000000e2800000, 0x00000000e2800000| Untracked 
|  13|0x00000000e2900000, 0x00000000e2900000, 0x00000000e2a00000|  0%| F|  |TAMS 0x00000000e2900000, 0x00000000e2900000| Untracked 
|  14|0x00000000e2a00000, 0x00000000e2a00000, 0x00000000e2b00000|  0%| F|  |TAMS 0x00000000e2a00000, 0x00000000e2a00000| Untracked 
|  15|0x00000000e2b00000, 0x00000000e2b00000, 0x00000000e2c00000|  0%| F|  |TAMS 0x00000000e2b00000, 0x00000000e2b00000| Untracked 
|  16|0x00000000e2c00000, 0x00000000e2c00000, 0x00000000e2d00000|  0%| F|  |TAMS 0x00000000e2c00000, 0x00000000e2c00000| Untracked 
|  17|0x00000000e2d00000, 0x00000000e2d00000, 0x00000000e2e00000|  0%| F|  |TAMS 0x00000000e2d00000, 0x00000000e2d00000| Untracked 
|  18|0x00000000e2e00000, 0x00000000e2efdb20, 0x00000000e2f00000| 99%| S|CS|TAMS 0x00000000e2e00000, 0x00000000e2e00000| Complete 
|  19|0x00000000e2f00000, 0x00000000e2f00000, 0x00000000e3000000|  0%| F|  |TAMS 0x00000000e2f00000, 0x00000000e2f00000| Untracked 
|  20|0x00000000e3000000, 0x00000000e3000000, 0x00000000e3100000|  0%| F|  |TAMS 0x00000000e3000000, 0x00000000e3000000| Untracked 
|  21|0x00000000e3100000, 0x00000000e3100000, 0x00000000e3200000|  0%| F|  |TAMS 0x00000000e3100000, 0x00000000e3100000| Untracked 
|  22|0x00000000e3200000, 0x00000000e3200000, 0x00000000e3300000|  0%| F|  |TAMS 0x00000000e3200000, 0x00000000e3200000| Untracked 
|  23|0x00000000e3300000, 0x00000000e3300000, 0x00000000e3400000|  0%| F|  |TAMS 0x00000000e3300000, 0x00000000e3300000| Untracked 
|  24|0x00000000e3400000, 0x00000000e3400000, 0x00000000e3500000|  0%| F|  |TAMS 0x00000000e3400000, 0x00000000e3400000| Untracked 
|  25|0x00000000e3500000, 0x00000000e3500000, 0x00000000e3600000|  0%| F|  |TAMS 0x00000000e3500000, 0x00000000e3500000| Untracked 
|  26|0x00000000e3600000, 0x00000000e3600000, 0x00000000e3700000|  0%| F|  |TAMS 0x00000000e3600000, 0x00000000e3600000| Untracked 
|  27|0x00000000e3700000, 0x00000000e3700000, 0x00000000e3800000|  0%| F|  |TAMS 0x00000000e3700000, 0x00000000e3700000| Untracked 
|  28|0x00000000e3800000, 0x00000000e3800000, 0x00000000e3900000|  0%| F|  |TAMS 0x00000000e3800000, 0x00000000e3800000| Untracked 
|  29|0x00000000e3900000, 0x00000000e3900000, 0x00000000e3a00000|  0%| F|  |TAMS 0x00000000e3900000, 0x00000000e3900000| Untracked 
|  30|0x00000000e3a00000, 0x00000000e3a00000, 0x00000000e3b00000|  0%| F|  |TAMS 0x00000000e3a00000, 0x00000000e3a00000| Untracked 
|  31|0x00000000e3b00000, 0x00000000e3b00000, 0x00000000e3c00000|  0%| F|  |TAMS 0x00000000e3b00000, 0x00000000e3b00000| Untracked 
|  32|0x00000000e3c00000, 0x00000000e3c00000, 0x00000000e3d00000|  0%| F|  |TAMS 0x00000000e3c00000, 0x00000000e3c00000| Untracked 
|  33|0x00000000e3d00000, 0x00000000e3d00000, 0x00000000e3e00000|  0%| F|  |TAMS 0x00000000e3d00000, 0x00000000e3d00000| Untracked 
|  34|0x00000000e3e00000, 0x00000000e3e00000, 0x00000000e3f00000|  0%| F|  |TAMS 0x00000000e3e00000, 0x00000000e3e00000| Untracked 
|  35|0x00000000e3f00000, 0x00000000e3f00000, 0x00000000e4000000|  0%| F|  |TAMS 0x00000000e3f00000, 0x00000000e3f00000| Untracked 
|  36|0x00000000e4000000, 0x00000000e4000000, 0x00000000e4100000|  0%| F|  |TAMS 0x00000000e4000000, 0x00000000e4000000| Untracked 
|  37|0x00000000e4100000, 0x00000000e4100000, 0x00000000e4200000|  0%| F|  |TAMS 0x00000000e4100000, 0x00000000e4100000| Untracked 
|  38|0x00000000e4200000, 0x00000000e4200000, 0x00000000e4300000|  0%| F|  |TAMS 0x00000000e4200000, 0x00000000e4200000| Untracked 

Card table byte_map: [0x00000249448d0000,0x00000249449d0000] _byte_map_base: 0x00000249441c2000

Marking Bits (Prev, Next): (CMBitMap*) 0x000002492ffa82a0, (CMBitMap*) 0x000002492ffa8260
 Prev Bits: [0x0000024945260000, 0x00000249459f0000)
 Next Bits: [0x0000024944ad0000, 0x0000024945260000)

Polling page: 0x000002492fde0000

Metaspace:

Usage:
  Non-class:     24.50 MB capacity,    24.15 MB ( 99%) used,   314.75 KB (  1%) free+waste,    41.13 KB ( <1%) overhead. 
      Class:      3.40 MB capacity,     3.26 MB ( 96%) used,   118.54 KB (  3%) free+waste,    16.25 KB ( <1%) overhead. 
       Both:     27.90 MB capacity,    27.42 MB ( 98%) used,   433.29 KB (  2%) free+waste,    57.38 KB ( <1%) overhead. 

Virtual space:
  Non-class space:       26.00 MB reserved,      24.67 MB ( 95%) committed 
      Class space:        1.00 GB reserved,       3.45 MB ( <1%) committed 
             Both:        1.03 GB reserved,      28.12 MB (  3%) committed 

Chunk freelists:
   Non-Class:  49.00 KB
       Class:  10.00 KB
        Both:  59.00 KB

MaxMetaspaceSize: 17179869184.00 GB
CompressedClassSpaceSize: 1.00 GB

CodeHeap 'non-profiled nmethods': size=238912Kb used=3348Kb max_used=3348Kb free=235563Kb
 bounds [0x0000024935860000, 0x0000024935bb0000, 0x00000249441b0000]
CodeHeap 'non-nmethods': size=6848Kb used=1196Kb max_used=1196Kb free=5651Kb
 bounds [0x00000249351b0000, 0x0000024935420000, 0x0000024935860000]
 total_blobs=2777 nmethods=2315 adapters=389
 compilation: enabled
              stopped_count=0, restarted_count=0
 full_count=0

Compilation events (20 events):
Event: 4.963 Thread 0x0000024948818020 2305       1       java.util.Properties::load0 (249 bytes)
Event: 4.964 Thread 0x0000024948818020 nmethod 2305 0x0000024935ba0410 code [0x0000024935ba0600, 0x0000024935ba09c8]
Event: 4.981 Thread 0x0000024948818020 2306       1       java.lang.ClassLoader::definePackage (53 bytes)
Event: 4.982 Thread 0x0000024948818020 nmethod 2306 0x0000024935ba0c90 code [0x0000024935ba0e60, 0x0000024935ba11d8]
Event: 4.982 Thread 0x0000024948818020 2307       1       java.lang.Package::<init> (47 bytes)
Event: 4.983 Thread 0x0000024948818020 nmethod 2307 0x0000024935ba1410 code [0x0000024935ba15e0, 0x0000024935ba1868]
Event: 4.983 Thread 0x0000024948818020 2308       1       java.lang.Package$VersionInfo::getInstance (53 bytes)
Event: 4.983 Thread 0x0000024948818020 nmethod 2308 0x0000024935ba1a10 code [0x0000024935ba1ba0, 0x0000024935ba1d88]
Event: 4.990 Thread 0x0000024948818020 2309       1       java.lang.Character::isJavaIdentifierPart (5 bytes)
Event: 4.991 Thread 0x0000024948818020 nmethod 2309 0x0000024935ba1e90 code [0x0000024935ba2040, 0x0000024935ba2118]
Event: 5.016 Thread 0x0000024948818020 2311       1       java.util.LinkedHashMap::<init> (11 bytes)
Event: 5.016 Thread 0x0000024948818020 nmethod 2311 0x0000024935ba2610 code [0x0000024935ba27c0, 0x0000024935ba28a8]
Event: 5.016 Thread 0x0000024948818020 2312       1       jdk.internal.loader.BuiltinClassLoader::definePackage (277 bytes)
Event: 5.021 Thread 0x0000024948818020 nmethod 2312 0x0000024935ba2990 code [0x0000024935ba2d40, 0x0000024935ba3cc8]
Event: 5.028 Thread 0x0000024948818020 2313       1       java.util.Arrays$ArrayList::iterator (12 bytes)
Event: 5.028 Thread 0x0000024948818020 nmethod 2313 0x0000024935ba4890 code [0x0000024935ba4a20, 0x0000024935ba4b78]
Event: 5.028 Thread 0x0000024948818020 2314       1       java.util.Arrays$ArrayItr::<init> (10 bytes)
Event: 5.029 Thread 0x0000024948818020 nmethod 2314 0x0000024935ba4c10 code [0x0000024935ba4da0, 0x0000024935ba4e98]
Event: 5.030 Thread 0x0000024948818020 2315       1       java.lang.ThreadLocal$ThreadLocalMap::nextIndex (15 bytes)
Event: 5.030 Thread 0x0000024948818020 nmethod 2315 0x0000024935ba4f10 code [0x0000024935ba50a0, 0x0000024935ba5158]

GC Heap History (20 events):
Event: 2.315 GC heap after
{Heap after GC invocations=2 (full 0):
 garbage-first heap   total 32768K, used 7631K [0x00000000e1c00000, 0x0000000100000000)
  region size 1024K, 2 young (2048K), 2 survivors (2048K)
 Metaspace       used 15606K, capacity 15866K, committed 16128K, reserved 1062912K
  class space    used 1628K, capacity 1708K, committed 1792K, reserved 1048576K
}
Event: 2.452 GC heap before
{Heap before GC invocations=2 (full 0):
 garbage-first heap   total 32768K, used 14799K [0x00000000e1c00000, 0x0000000100000000)
  region size 1024K, 10 young (10240K), 2 survivors (2048K)
 Metaspace       used 15987K, capacity 16218K, committed 16384K, reserved 1064960K
  class space    used 1673K, capacity 1740K, committed 1792K, reserved 1048576K
}
Event: 2.460 GC heap after
{Heap after GC invocations=3 (full 0):
 garbage-first heap   total 32768K, used 7882K [0x00000000e1c00000, 0x0000000100000000)
  region size 1024K, 1 young (1024K), 1 survivors (1024K)
 Metaspace       used 15987K, capacity 16218K, committed 16384K, reserved 1064960K
  class space    used 1673K, capacity 1740K, committed 1792K, reserved 1048576K
}
Event: 2.466 GC heap before
{Heap before GC invocations=3 (full 0):
 garbage-first heap   total 32768K, used 17098K [0x00000000e1c00000, 0x0000000100000000)
  region size 1024K, 11 young (11264K), 1 survivors (1024K)
 Metaspace       used 15987K, capacity 16218K, committed 16384K, reserved 1064960K
  class space    used 1673K, capacity 1740K, committed 1792K, reserved 1048576K
}
Event: 2.467 GC heap after
{Heap after GC invocations=4 (full 0):
 garbage-first heap   total 32768K, used 7866K [0x00000000e1c00000, 0x0000000100000000)
  region size 1024K, 1 young (1024K), 1 survivors (1024K)
 Metaspace       used 15987K, capacity 16218K, committed 16384K, reserved 1064960K
  class space    used 1673K, capacity 1740K, committed 1792K, reserved 1048576K
}
Event: 2.472 GC heap before
{Heap before GC invocations=4 (full 0):
 garbage-first heap   total 32768K, used 18106K [0x00000000e1c00000, 0x0000000100000000)
  region size 1024K, 12 young (12288K), 1 survivors (1024K)
 Metaspace       used 15987K, capacity 16218K, committed 16384K, reserved 1064960K
  class space    used 1673K, capacity 1740K, committed 1792K, reserved 1048576K
}
Event: 2.473 GC heap after
{Heap after GC invocations=5 (full 0):
 garbage-first heap   total 32768K, used 7850K [0x00000000e1c00000, 0x0000000100000000)
  region size 1024K, 1 young (1024K), 1 survivors (1024K)
 Metaspace       used 15987K, capacity 16218K, committed 16384K, reserved 1064960K
  class space    used 1673K, capacity 1740K, committed 1792K, reserved 1048576K
}
Event: 2.513 GC heap before
{Heap before GC invocations=5 (full 0):
 garbage-first heap   total 32768K, used 19114K [0x00000000e1c00000, 0x0000000100000000)
  region size 1024K, 13 young (13312K), 1 survivors (1024K)
 Metaspace       used 16030K, capacity 16381K, committed 16640K, reserved 1064960K
  class space    used 1681K, capacity 1773K, committed 1792K, reserved 1048576K
}
Event: 2.515 GC heap after
{Heap after GC invocations=6 (full 0):
 garbage-first heap   total 32768K, used 7698K [0x00000000e1c00000, 0x0000000100000000)
  region size 1024K, 1 young (1024K), 1 survivors (1024K)
 Metaspace       used 16030K, capacity 16381K, committed 16640K, reserved 1064960K
  class space    used 1681K, capacity 1773K, committed 1792K, reserved 1048576K
}
Event: 3.609 GC heap before
{Heap before GC invocations=6 (full 0):
 garbage-first heap   total 32768K, used 19986K [0x00000000e1c00000, 0x0000000100000000)
  region size 1024K, 14 young (14336K), 1 survivors (1024K)
 Metaspace       used 19274K, capacity 19696K, committed 19968K, reserved 1067008K
  class space    used 2118K, capacity 2235K, committed 2304K, reserved 1048576K
}
Event: 3.615 GC heap after
{Heap after GC invocations=7 (full 0):
 garbage-first heap   total 32768K, used 8969K [0x00000000e1c00000, 0x0000000100000000)
  region size 1024K, 2 young (2048K), 2 survivors (2048K)
 Metaspace       used 19274K, capacity 19696K, committed 19968K, reserved 1067008K
  class space    used 2118K, capacity 2235K, committed 2304K, reserved 1048576K
}
Event: 3.922 GC heap before
{Heap before GC invocations=7 (full 0):
 garbage-first heap   total 32768K, used 14089K [0x00000000e1c00000, 0x0000000100000000)
  region size 1024K, 9 young (9216K), 2 survivors (2048K)
 Metaspace       used 20905K, capacity 21244K, committed 21296K, reserved 1069056K
  class space    used 2343K, capacity 2431K, committed 2432K, reserved 1048576K
}
Event: 3.931 GC heap after
{Heap after GC invocations=8 (full 0):
 garbage-first heap   total 39936K, used 9537K [0x00000000e1c00000, 0x0000000100000000)
  region size 1024K, 1 young (1024K), 1 survivors (1024K)
 Metaspace       used 20905K, capacity 21244K, committed 21296K, reserved 1069056K
  class space    used 2343K, capacity 2431K, committed 2432K, reserved 1048576K
}
Event: 4.539 GC heap before
{Heap before GC invocations=9 (full 0):
 garbage-first heap   total 37888K, used 26945K [0x00000000e1c00000, 0x0000000100000000)
  region size 1024K, 19 young (19456K), 1 survivors (1024K)
 Metaspace       used 24595K, capacity 24986K, committed 25340K, reserved 1071104K
  class space    used 2968K, capacity 3076K, committed 3148K, reserved 1048576K
}
Event: 4.546 GC heap after
{Heap after GC invocations=10 (full 0):
 garbage-first heap   total 37888K, used 10549K [0x00000000e1c00000, 0x0000000100000000)
  region size 1024K, 2 young (2048K), 2 survivors (2048K)
 Metaspace       used 24595K, capacity 24986K, committed 25340K, reserved 1071104K
  class space    used 2968K, capacity 3076K, committed 3148K, reserved 1048576K
}
Event: 5.052 GC heap before
{Heap before GC invocations=10 (full 0):
 garbage-first heap   total 37888K, used 26933K [0x00000000e1c00000, 0x0000000100000000)
  region size 1024K, 19 young (19456K), 2 survivors (2048K)
 Metaspace       used 28027K, capacity 28469K, committed 28796K, reserved 1075200K
  class space    used 3332K, capacity 3446K, committed 3532K, reserved 1048576K
}
Event: 5.060 GC heap after
{Heap after GC invocations=11 (full 0):
 garbage-first heap   total 37888K, used 11571K [0x00000000e1c00000, 0x0000000100000000)
  region size 1024K, 3 young (3072K), 3 survivors (3072K)
 Metaspace       used 28027K, capacity 28469K, committed 28796K, reserved 1075200K
  class space    used 3332K, capacity 3446K, committed 3532K, reserved 1048576K
}
Event: 5.066 GC heap before
{Heap before GC invocations=11 (full 0):
 garbage-first heap   total 37888K, used 26931K [0x00000000e1c00000, 0x0000000100000000)
  region size 1024K, 19 young (19456K), 3 survivors (3072K)
 Metaspace       used 28052K, capacity 28469K, committed 28796K, reserved 1075200K
  class space    used 3337K, capacity 3446K, committed 3532K, reserved 1048576K
}
Event: 5.073 GC heap after
{Heap after GC invocations=12 (full 0):
 garbage-first heap   total 37888K, used 11520K [0x00000000e1c00000, 0x0000000100000000)
  region size 1024K, 1 young (1024K), 1 survivors (1024K)
 Metaspace       used 28052K, capacity 28469K, committed 28796K, reserved 1075200K
  class space    used 3337K, capacity 3446K, committed 3532K, reserved 1048576K
}
Event: 5.078 GC heap before
{Heap before GC invocations=12 (full 0):
 garbage-first heap   total 37888K, used 27904K [0x00000000e1c00000, 0x0000000100000000)
  region size 1024K, 18 young (18432K), 1 survivors (1024K)
 Metaspace       used 28074K, capacity 28565K, committed 28796K, reserved 1075200K
  class space    used 3343K, capacity 3478K, committed 3532K, reserved 1048576K
}

Deoptimization events (0 events):
No events

Classes unloaded (0 events):
No events

Classes redefined (0 events):
No events

Internal exceptions (20 events):
Event: 3.764 Thread 0x00000249494bc0e0 Exception <a 'java/lang/NoSuchMethodError'{0x00000000e3979698}: 'void java.lang.invoke.DirectMethodHandle$Holder.invokeSpecial(java.lang.Object, java.lang.Object, java.lang.Object, java.lang.Object, java.lang.Object)'> (0x00000000e3979698) 
thrown [./open/src/hotspot/share/interpreter/linkResolver.cpp, line 782]
Event: 4.110 Thread 0x00000249494bc0e0 Exception <a 'java/lang/NoSuchMethodError'{0x00000000e3c73070}: 'org.slf4j.impl.StaticMDCBinder org.slf4j.impl.StaticMDCBinder.getSingleton()'> (0x00000000e3c73070) 
thrown [./open/src/hotspot/share/interpreter/linkResolver.cpp, line 782]
Event: 4.190 Thread 0x00000249493f3910 Exception <a 'java/lang/reflect/InvocationTargetException'{0x00000000e391d600}> (0x00000000e391d600) 
thrown [./open/src/hotspot/share/runtime/reflection.cpp, line 1157]
Event: 4.389 Thread 0x00000249494bc0e0 Exception <a 'java/lang/ClassNotFoundException'{0x00000000e3234610}: java/lang/ObjectCustomizer> (0x00000000e3234610) 
thrown [./open/src/hotspot/share/classfile/systemDictionary.cpp, line 295]
Event: 4.396 Thread 0x00000249494bc0e0 Exception <a 'java/lang/IncompatibleClassChangeError'{0x00000000e3239310}: Found class java.lang.Object, but interface was expected> (0x00000000e3239310) 
thrown [./open/src/hotspot/share/interpreter/linkResolver.cpp, line 848]
Event: 4.408 Thread 0x00000249494bc0e0 Exception <a 'java/lang/ClassNotFoundException'{0x00000000e311b7a0}: org/springframework/context/annotation/ConfigurationClassPostProcessorCustomizer> (0x00000000e311b7a0) 
thrown [./open/src/hotspot/share/classfile/systemDictionary.cpp, line 295]
Event: 4.416 Thread 0x00000249494bc0e0 Exception <a 'java/lang/ClassNotFoundException'{0x00000000e313aa10}: org/springframework/beans/factory/support/BeanDefinitionRegistryPostProcessorCustomizer> (0x00000000e313aa10) 
thrown [./open/src/hotspot/share/classfile/systemDictionary.cpp, line 295]
Event: 4.418 Thread 0x00000249494bc0e0 Exception <a 'java/lang/ClassNotFoundException'{0x00000000e3140d88}: org/springframework/beans/factory/config/BeanFactoryPostProcessorCustomizer> (0x00000000e3140d88) 
thrown [./open/src/hotspot/share/classfile/systemDictionary.cpp, line 295]
Event: 4.421 Thread 0x00000249494bc0e0 Exception <a 'java/lang/ClassNotFoundException'{0x00000000e3146d48}: org/springframework/core/PriorityOrderedCustomizer> (0x00000000e3146d48) 
thrown [./open/src/hotspot/share/classfile/systemDictionary.cpp, line 295]
Event: 4.422 Thread 0x00000249494bc0e0 Exception <a 'java/lang/ClassNotFoundException'{0x00000000e314b8b8}: org/springframework/core/OrderedCustomizer> (0x00000000e314b8b8) 
thrown [./open/src/hotspot/share/classfile/systemDictionary.cpp, line 295]
Event: 4.423 Thread 0x00000249494bc0e0 Exception <a 'java/lang/ClassNotFoundException'{0x00000000e3151760}: org/springframework/context/ResourceLoaderAwareCustomizer> (0x00000000e3151760) 
thrown [./open/src/hotspot/share/classfile/systemDictionary.cpp, line 295]
Event: 4.425 Thread 0x00000249494bc0e0 Exception <a 'java/lang/ClassNotFoundException'{0x00000000e319f740}: org/springframework/beans/factory/AwareCustomizer> (0x00000000e319f740) 
thrown [./open/src/hotspot/share/classfile/systemDictionary.cpp, line 295]
Event: 4.426 Thread 0x00000249494bc0e0 Exception <a 'java/lang/ClassNotFoundException'{0x00000000e31a4728}: org/springframework/context/ApplicationStartupAwareCustomizer> (0x00000000e31a4728) 
thrown [./open/src/hotspot/share/classfile/systemDictionary.cpp, line 295]
Event: 4.427 Thread 0x00000249494bc0e0 Exception <a 'java/lang/ClassNotFoundException'{0x00000000e31aa8d8}: org/springframework/beans/factory/AwareCustomizer> (0x00000000e31aa8d8) 
thrown [./open/src/hotspot/share/classfile/systemDictionary.cpp, line 295]
Event: 4.428 Thread 0x00000249494bc0e0 Exception <a 'java/lang/ClassNotFoundException'{0x00000000e31af948}: org/springframework/beans/factory/BeanClassLoaderAwareCustomizer> (0x00000000e31af948) 
thrown [./open/src/hotspot/share/classfile/systemDictionary.cpp, line 295]
Event: 4.430 Thread 0x00000249494bc0e0 Exception <a 'java/lang/ClassNotFoundException'{0x00000000e31b5898}: org/springframework/beans/factory/AwareCustomizer> (0x00000000e31b5898) 
thrown [./open/src/hotspot/share/classfile/systemDictionary.cpp, line 295]
Event: 4.432 Thread 0x00000249494bc0e0 Exception <a 'java/lang/ClassNotFoundException'{0x00000000e31ba5f8}: org/springframework/context/EnvironmentAwareCustomizer> (0x00000000e31ba5f8) 
thrown [./open/src/hotspot/share/classfile/systemDictionary.cpp, line 295]
Event: 4.433 Thread 0x00000249494bc0e0 Exception <a 'java/lang/ClassNotFoundException'{0x00000000e31c04c0}: org/springframework/beans/factory/AwareCustomizer> (0x00000000e31c04c0) 
thrown [./open/src/hotspot/share/classfile/systemDictionary.cpp, line 295]
Event: 4.695 Thread 0x00000249493f3910 Exception <a 'java/lang/reflect/InvocationTargetException'{0x00000000e3b74800}> (0x00000000e3b74800) 
thrown [./open/src/hotspot/share/runtime/reflection.cpp, line 1157]
Event: 4.704 Thread 0x000002494a381200 Exception <a 'java/lang/NoSuchMethodError'{0x00000000e3b94460}: 'java.lang.Object java.lang.invoke.DirectMethodHandle$Holder.invokeStaticInit(java.lang.Object, java.lang.Object, java.lang.Object, java.lang.Object, java.lang.Object)'> (0x00000000e3b94460) 
thrown [./open/src/hotspot/share/interpreter/linkResolver.cpp, line 782]

Events (20 events):
Event: 4.953 loading class sun/text/resources/cldr/FormatData_en_US
Event: 4.953 loading class sun/text/resources/cldr/FormatData_en_US done
Event: 4.963 loading class java/io/CharArrayReader
Event: 4.963 loading class java/io/CharArrayReader done
Event: 4.972 Thread 0x000002494a37f520 Thread added: 0x000002494a37f520
Event: 4.994 loading class java/util/concurrent/atomic/AtomicReference
Event: 4.994 loading class java/util/concurrent/atomic/AtomicReference done
Event: 5.047 loading class javax/naming/ldap/LdapContext
Event: 5.047 loading class javax/naming/directory/DirContext
Event: 5.047 loading class javax/naming/directory/DirContext done
Event: 5.047 loading class javax/naming/ldap/LdapContext done
Event: 5.052 Executing VM operation: G1CollectForAllocation
Event: 5.060 Executing VM operation: G1CollectForAllocation done
Event: 5.060 Executing VM operation: HandshakeAllThreads
Event: 5.060 Executing VM operation: HandshakeAllThreads done
Event: 5.065 Executing VM operation: G1CollectForAllocation
Event: 5.073 Executing VM operation: G1CollectForAllocation done
Event: 5.073 Executing VM operation: HandshakeAllThreads
Event: 5.073 Executing VM operation: HandshakeAllThreads done
Event: 5.078 Executing VM operation: G1CollectForAllocation


Dynamic libraries:
0x00007ff6751c0000 - 0x00007ff6751cd000 	C:\Users\lemos\AppData\Roaming\Microsoft\Windows\Network Shortcuts\sts-4.9.0.RELEASE\plugins\org.eclipse.justj.openjdk.hotspot.jre.full.win32.x86_64_15.0.1.v20201027-0507\jre\bin\javaw.exe
0x00007fff14a20000 - 0x00007fff14c10000 	C:\Windows\SYSTEM32\ntdll.dll
0x00007fff13810000 - 0x00007fff138c2000 	C:\Windows\System32\KERNEL32.DLL
0x00007fff119b0000 - 0x00007fff11c53000 	C:\Windows\System32\KERNELBASE.dll
0x00007fff129d0000 - 0x00007fff12aca000 	C:\Windows\System32\ucrtbase.dll
0x00007ffef8e80000 - 0x00007ffef8e99000 	C:\Users\lemos\AppData\Roaming\Microsoft\Windows\Network Shortcuts\sts-4.9.0.RELEASE\plugins\org.eclipse.justj.openjdk.hotspot.jre.full.win32.x86_64_15.0.1.v20201027-0507\jre\bin\VCRUNTIME140.dll
0x00007fff08240000 - 0x00007fff08258000 	C:\Users\lemos\AppData\Roaming\Microsoft\Windows\Network Shortcuts\sts-4.9.0.RELEASE\plugins\org.eclipse.justj.openjdk.hotspot.jre.full.win32.x86_64_15.0.1.v20201027-0507\jre\bin\jli.dll
0x00007fff14650000 - 0x00007fff147e3000 	C:\Windows\System32\USER32.dll
0x00007fff01000000 - 0x00007fff01285000 	C:\Windows\WinSxS\amd64_microsoft.windows.common-controls_6595b64144ccf1df_6.0.18362.267_none_e6c5adbd130e444d\COMCTL32.dll
0x00007fff11f20000 - 0x00007fff11f41000 	C:\Windows\System32\win32u.dll
0x00007fff136b0000 - 0x00007fff136d6000 	C:\Windows\System32\GDI32.dll
0x00007fff11c60000 - 0x00007fff11df4000 	C:\Windows\System32\gdi32full.dll
0x00007fff11e80000 - 0x00007fff11f1e000 	C:\Windows\System32\msvcp_win.dll
0x00007fff13980000 - 0x00007fff13a1e000 	C:\Windows\System32\msvcrt.dll
0x00007fff13e90000 - 0x00007fff141c6000 	C:\Windows\System32\combase.dll
0x00007fff14530000 - 0x00007fff14650000 	C:\Windows\System32\RPCRT4.dll
0x00007fff11e00000 - 0x00007fff11e80000 	C:\Windows\System32\bcryptPrimitives.dll
0x00007fff132a0000 - 0x00007fff132ce000 	C:\Windows\System32\IMM32.DLL
0x00007fff059c0000 - 0x00007fff059cc000 	C:\Users\lemos\AppData\Roaming\Microsoft\Windows\Network Shortcuts\sts-4.9.0.RELEASE\plugins\org.eclipse.justj.openjdk.hotspot.jre.full.win32.x86_64_15.0.1.v20201027-0507\jre\bin\vcruntime140_1.dll
0x00007ffee71a0000 - 0x00007ffee7231000 	C:\Users\lemos\AppData\Roaming\Microsoft\Windows\Network Shortcuts\sts-4.9.0.RELEASE\plugins\org.eclipse.justj.openjdk.hotspot.jre.full.win32.x86_64_15.0.1.v20201027-0507\jre\bin\msvcp140.dll
0x00007ffee7240000 - 0x00007ffee7d9e000 	C:\Users\lemos\AppData\Roaming\Microsoft\Windows\Network Shortcuts\sts-4.9.0.RELEASE\plugins\org.eclipse.justj.openjdk.hotspot.jre.full.win32.x86_64_15.0.1.v20201027-0507\jre\bin\server\jvm.dll
0x00007fff14930000 - 0x00007fff149d3000 	C:\Windows\System32\ADVAPI32.dll
0x00007fff13770000 - 0x00007fff13807000 	C:\Windows\System32\sechost.dll
0x00007fff13760000 - 0x00007fff13768000 	C:\Windows\System32\PSAPI.DLL
0x00007fff0cb20000 - 0x00007fff0cb29000 	C:\Windows\SYSTEM32\WSOCK32.dll
0x00007fff0fae0000 - 0x00007fff0fb04000 	C:\Windows\SYSTEM32\WINMM.dll
0x00007fff13470000 - 0x00007fff134df000 	C:\Windows\System32\WS2_32.dll
0x00007fff0f940000 - 0x00007fff0f96d000 	C:\Windows\SYSTEM32\winmmbase.dll
0x00007fff043d0000 - 0x00007fff043da000 	C:\Windows\SYSTEM32\VERSION.dll
0x00007fff11f50000 - 0x00007fff11f9a000 	C:\Windows\System32\cfgmgr32.dll
0x00007fff11970000 - 0x00007fff11981000 	C:\Windows\System32\kernel.appcore.dll
0x00007fff09170000 - 0x00007fff0917a000 	C:\Users\lemos\AppData\Roaming\Microsoft\Windows\Network Shortcuts\sts-4.9.0.RELEASE\plugins\org.eclipse.justj.openjdk.hotspot.jre.full.win32.x86_64_15.0.1.v20201027-0507\jre\bin\jimage.dll
0x00007fff02790000 - 0x00007fff02984000 	C:\Windows\SYSTEM32\DBGHELP.DLL
0x00007fff02460000 - 0x00007fff0248a000 	C:\Windows\SYSTEM32\dbgcore.DLL
0x00007ffef6e10000 - 0x00007ffef6e35000 	C:\Users\lemos\AppData\Roaming\Microsoft\Windows\Network Shortcuts\sts-4.9.0.RELEASE\plugins\org.eclipse.justj.openjdk.hotspot.jre.full.win32.x86_64_15.0.1.v20201027-0507\jre\bin\java.dll
0x00007ffefe890000 - 0x00007ffefe8a8000 	C:\Users\lemos\AppData\Roaming\Microsoft\Windows\Network Shortcuts\sts-4.9.0.RELEASE\plugins\org.eclipse.justj.openjdk.hotspot.jre.full.win32.x86_64_15.0.1.v20201027-0507\jre\bin\zip.dll
0x00007fff12ae0000 - 0x00007fff131c2000 	C:\Windows\System32\SHELL32.dll
0x00007fff141d0000 - 0x00007fff14279000 	C:\Windows\System32\shcore.dll
0x00007fff12050000 - 0x00007fff127cc000 	C:\Windows\System32\windows.storage.dll
0x00007fff11900000 - 0x00007fff1191f000 	C:\Windows\System32\profapi.dll
0x00007fff11920000 - 0x00007fff1196a000 	C:\Windows\System32\powrprof.dll
0x00007fff118f0000 - 0x00007fff11900000 	C:\Windows\System32\UMPDC.dll
0x00007fff132d0000 - 0x00007fff13322000 	C:\Windows\System32\shlwapi.dll
0x00007fff12000000 - 0x00007fff12017000 	C:\Windows\System32\cryptsp.dll
0x00007ffefb210000 - 0x00007ffefb229000 	C:\Users\lemos\AppData\Roaming\Microsoft\Windows\Network Shortcuts\sts-4.9.0.RELEASE\plugins\org.eclipse.justj.openjdk.hotspot.jre.full.win32.x86_64_15.0.1.v20201027-0507\jre\bin\net.dll
0x00007fff0bf50000 - 0x00007fff0c040000 	C:\Windows\SYSTEM32\WINHTTP.dll
0x00007fff11100000 - 0x00007fff11167000 	C:\Windows\system32\mswsock.dll
0x00007ffef70d0000 - 0x00007ffef70e2000 	C:\Users\lemos\AppData\Roaming\Microsoft\Windows\Network Shortcuts\sts-4.9.0.RELEASE\plugins\org.eclipse.justj.openjdk.hotspot.jre.full.win32.x86_64_15.0.1.v20201027-0507\jre\bin\nio.dll
0x00007fff0e2a0000 - 0x00007fff0e2a9000 	C:\Users\lemos\AppData\Roaming\Microsoft\Windows\Network Shortcuts\sts-4.9.0.RELEASE\plugins\org.eclipse.justj.openjdk.hotspot.jre.full.win32.x86_64_15.0.1.v20201027-0507\jre\bin\management.dll
0x00007fff0e290000 - 0x00007fff0e29b000 	C:\Users\lemos\AppData\Roaming\Microsoft\Windows\Network Shortcuts\sts-4.9.0.RELEASE\plugins\org.eclipse.justj.openjdk.hotspot.jre.full.win32.x86_64_15.0.1.v20201027-0507\jre\bin\management_ext.dll
0x00007fff09860000 - 0x00007fff09876000 	C:\Windows\system32\napinsp.dll
0x00007fff06ae0000 - 0x00007fff06afa000 	C:\Windows\system32\pnrpnsp.dll
0x00007fff10e50000 - 0x00007fff10f1a000 	C:\Windows\SYSTEM32\DNSAPI.dll
0x00007fff12ad0000 - 0x00007fff12ad8000 	C:\Windows\System32\NSI.dll
0x00007fff10e10000 - 0x00007fff10e4a000 	C:\Windows\SYSTEM32\IPHLPAPI.DLL
0x00007fff0a930000 - 0x00007fff0a93e000 	C:\Windows\System32\winrnr.dll
0x00007fff0e130000 - 0x00007fff0e14c000 	C:\Windows\system32\NLAapi.dll
0x00007fff0caf0000 - 0x00007fff0cb05000 	C:\Windows\system32\wshbth.dll
0x00007fff06ab0000 - 0x00007fff06aba000 	C:\Windows\System32\rasadhlp.dll
0x00007fff09880000 - 0x00007fff098f7000 	C:\Windows\System32\fwpuclnt.dll
0x00007fff12020000 - 0x00007fff12046000 	C:\Windows\System32\bcrypt.dll
0x00007fff10c70000 - 0x00007fff10ca3000 	C:\Windows\system32\rsaenh.dll
0x00007fff11810000 - 0x00007fff11835000 	C:\Windows\SYSTEM32\USERENV.dll
0x00007fff112d0000 - 0x00007fff112dc000 	C:\Windows\SYSTEM32\CRYPTBASE.dll
0x00007fff0a5b0000 - 0x00007fff0a5c6000 	C:\Windows\SYSTEM32\dhcpcsvc6.DLL
0x00007fff0b000000 - 0x00007fff0b01c000 	C:\Windows\SYSTEM32\dhcpcsvc.DLL
0x00007fff06b00000 - 0x00007fff06b10000 	C:\Users\lemos\AppData\Roaming\Microsoft\Windows\Network Shortcuts\sts-4.9.0.RELEASE\plugins\org.eclipse.justj.openjdk.hotspot.jre.full.win32.x86_64_15.0.1.v20201027-0507\jre\bin\verify.dll

dbghelp: loaded successfully - version: 4.0.5 - missing functions: none
symbol engine: initialized successfully - sym options: 0x614 - pdb path: .;C:\Users\lemos\AppData\Roaming\Microsoft\Windows\Network Shortcuts\sts-4.9.0.RELEASE\plugins\org.eclipse.justj.openjdk.hotspot.jre.full.win32.x86_64_15.0.1.v20201027-0507\jre\bin;C:\Windows\SYSTEM32;C:\Windows\WinSxS\amd64_microsoft.windows.common-controls_6595b64144ccf1df_6.0.18362.267_none_e6c5adbd130e444d;C:\Users\lemos\AppData\Roaming\Microsoft\Windows\Network Shortcuts\sts-4.9.0.RELEASE\plugins\org.eclipse.justj.openjdk.hotspot.jre.full.win32.x86_64_15.0.1.v20201027-0507\jre\bin\server

VM Arguments:
jvm_args: -Dcom.sun.management.jmxremote -Dcom.sun.management.jmxremote.port=55803 -Dcom.sun.management.jmxremote.authenticate=false -Dcom.sun.management.jmxremote.ssl=false -Djava.rmi.server.hostname=localhost -Dspring.jmx.enabled=true -Dspring.application.admin.enabled=true -XX:TieredStopAtLevel=1 -Dspring.boot.project.name=cursomc -Dfile.encoding=UTF-8 -XX:+ShowCodeDetailsInExceptionMessages 
java_command: com.mariolemos.cursomc.CursomcApplication --spring.output.ansi.enabled=always
java_class_path (initial): C:\Users\lemos\OneDrive\Cursos\Curso Spring Boot\cursomc\target\classes;C:\Users\lemos\.m2\repository\org\springframework\boot\spring-boot-starter-web\2.4.3\spring-boot-starter-web-2.4.3.jar;C:\Users\lemos\.m2\repository\org\springframework\boot\spring-boot-starter\2.4.3\spring-boot-starter-2.4.3.jar;C:\Users\lemos\.m2\repository\org\springframework\boot\spring-boot-starter-logging\2.4.3\spring-boot-starter-logging-2.4.3.jar;C:\Users\lemos\.m2\repository\ch\qos\logback\logback-classic\1.2.3\logback-classic-1.2.3.jar;C:\Users\lemos\.m2\repository\ch\qos\logback\logback-core\1.2.3\logback-core-1.2.3.jar;C:\Users\lemos\.m2\repository\org\apache\logging\log4j\log4j-to-slf4j\2.13.3\log4j-to-slf4j-2.13.3.jar;C:\Users\lemos\.m2\repository\org\apache\logging\log4j\log4j-api\2.13.3\log4j-api-2.13.3.jar;C:\Users\lemos\.m2\repository\org\slf4j\jul-to-slf4j\1.7.30\jul-to-slf4j-1.7.30.jar;C:\Users\lemos\.m2\repository\jakarta\annotation\jakarta.annotation-api\1.3.5\jakarta.annotation-api-1.3.5.jar;C:\Users\lemos\.m2\repository\org\yaml\snakeyaml\1.27\snakeyaml-1.27.jar;C:\Users\lemos\.m2\repository\org\springframework\boot\spring-boot-starter-json\2.4.3\spring-boot-starter-json-2.4.3.jar;C:\Users\lemos\.m2\repository\com\fasterxml\jackson\core\jackson-databind\2.11.4\jackson-databind-2.11.4.jar;C:\Users\lemos\.m2\repository\com\fasterxml\jackson\core\jackson-annotations\2.11.4\jackson-annotations-2.11.4.jar;C:\Users\lemos\.m2\repository\com\fasterxml\jackson\core\jackson-core\2.11.4\jackson-core-2.11.4.jar;C:\Users\lemos\.m2\repository\com\fasterxml\jackson\datatype\jackson-datatype-jdk8\2.11.4\jackson-datatype-jdk8-2.11.4.jar;C:\Users\lemos\.m2\repository\com\fasterxml\jackson\datatype\jackson-datatype-jsr310\2.11.4\jackson-datatype-jsr310-2.11.4.jar;C:\Users\lemos\.m2\repository\com\fasterxml\jackson\module\jackson-module-parameter-names\2.11.4\jackson-module-parameter-names-2.11.4.jar;C:\Users\lemos\.m2\repository\org\springframework\boot\spring-b
Launcher Type: SUN_STANDARD

[Global flags]
     intx CICompilerCount                          = 3                                         {product} {ergonomic}
     uint ConcGCThreads                            = 1                                         {product} {ergonomic}
     uint G1ConcRefinementThreads                  = 4                                         {product} {ergonomic}
   size_t G1HeapRegionSize                         = 1048576                                   {product} {ergonomic}
    uintx GCDrainStackTargetSize                   = 64                                        {product} {ergonomic}
   size_t InitialHeapSize                          = 33554432                                  {product} {ergonomic}
     bool ManagementServer                         = true                                      {product} {command line}
   size_t MarkStackSize                            = 4194304                                   {product} {ergonomic}
   size_t MaxHeapSize                              = 507510784                                 {product} {ergonomic}
   size_t MaxNewSize                               = 304087040                                 {product} {ergonomic}
   size_t MinHeapDeltaBytes                        = 1048576                                   {product} {ergonomic}
   size_t MinHeapSize                              = 8388608                                   {product} {ergonomic}
    uintx NonNMethodCodeHeapSize                   = 6973028                                {pd product} {ergonomic}
    uintx NonProfiledCodeHeapSize                  = 244685212                              {pd product} {ergonomic}
    uintx ProfiledCodeHeapSize                     = 0                                      {pd product} {ergonomic}
    uintx ReservedCodeCacheSize                    = 251658240                              {pd product} {ergonomic}
     bool SegmentedCodeCache                       = true                                      {product} {ergonomic}
     bool ShowCodeDetailsInExceptionMessages       = true                                   {manageable} {command line}
   size_t SoftMaxHeapSize                          = 507510784                              {manageable} {ergonomic}
     intx TieredStopAtLevel                        = 1                                         {product} {command line}
     bool UseCompressedClassPointers               = true                                 {lp64_product} {ergonomic}
     bool UseCompressedOops                        = true                                 {lp64_product} {ergonomic}
     bool UseG1GC                                  = true                                      {product} {ergonomic}
     bool UseLargePagesIndividualAllocation        = false                                  {pd product} {ergonomic}

Logging:
Log output configuration:
 #0: stdout all=warning uptime,level,tags
 #1: stderr all=off uptime,level,tags

Environment Variables:
JAVA_HOME=C:\Program Files\Java\jdk-11.0.10
PATH=C:/Users/lemos/AppData/Roaming/Microsoft/Windows/Network Shortcuts/sts-4.9.0.RELEASE//plugins/org.eclipse.justj.openjdk.hotspot.jre.full.win32.x86_64_15.0.1.v20201027-0507/jre/bin/server;C:/Users/lemos/AppData/Roaming/Microsoft/Windows/Network Shortcuts/sts-4.9.0.RELEASE//plugins/org.eclipse.justj.openjdk.hotspot.jre.full.win32.x86_64_15.0.1.v20201027-0507/jre/bin;C:\Program Files\Common Files\Oracle\Java\javapath;C:\Windows\system32;C:\Windows;C:\Windows\System32\Wbem;C:\Windows\System32\WindowsPowerShell\v1.0\;C:\Windows\System32\OpenSSH\;C:\Program Files\Git\cmd;C:\xampp\mysql\bin;C:\Users\lemos\AppData\Local\Microsoft\WindowsApps;C:\Users\lemos\AppData\Local\Programs\Microsoft VS Code\bin;C:\Program Files\Java\jdk-11.0.10\bin;;C:\Users\lemos\AppData\Roaming\Microsoft\Windows\Network Shortcuts\sts-4.9.0.RELEASE;
USERNAME=lemos
OS=Windows_NT
PROCESSOR_IDENTIFIER=Intel64 Family 6 Model 58 Stepping 9, GenuineIntel



---------------  S Y S T E M  ---------------

OS:
 Windows 10 , 64 bit Build 18362 (10.0.18362.86)
OS uptime: 2 days 5:43 hours

CPU: total 4 (initial active 4) (2 cores per cpu, 2 threads per core) family 6 model 58 stepping 9 microcode 0x20, cmov, cx8, fxsr, mmx, sse, sse2, sse3, ssse3, sse4.1, sse4.2, popcnt, vzeroupper, avx, clmul, erms, ht, tsc, tscinvbit, tscinv, clflush

Memory: 4k page, system-wide physical 1931M (354M free)
TotalPageFile size 7819M (AvailPageFile size 5M)
current process WorkingSet (physical memory assigned to process): 105M, peak: 105M
current process commit charge ("private bytes"): 141M, peak: 147M

vm_info: OpenJDK 64-Bit Server VM (15.0.1+9-18) for windows-amd64 JRE (15.0.1+9-18), built on Sep 15 2020 14:39:31 by "mach5one" with unknown MS VC++:1925

END.
